{"level":"info","message":"Executing query","paramsCount":0,"query":"SELECT 1 as health_check","timestamp":"2025-06-10T08:12:28.170Z"}
{"affectedRows":0,"executionTime":52,"level":"info","message":"Query executed successfully","resultCount":1,"timestamp":"2025-06-10T08:12:28.221Z"}
{"level":"info","message":"Executing query","paramsCount":0,"query":"SELECT * FROM restaurants WHERE is_active = TRUE ORDER BY rating DESC LIMIT 10 OFFSET 0","timestamp":"2025-06-10T08:12:55.326Z"}
{"level":"info","message":"Executing query","paramsCount":0,"query":"SELECT COUNT(*) as total FROM restaurants WHERE is_active = TRUE","timestamp":"2025-06-10T08:12:55.333Z"}
{"affectedRows":0,"executionTime":50,"level":"info","message":"Query executed successfully","resultCount":4,"timestamp":"2025-06-10T08:12:55.375Z"}
{"affectedRows":0,"executionTime":45,"level":"info","message":"Query executed successfully","resultCount":1,"timestamp":"2025-06-10T08:12:55.378Z"}
{"level":"info","message":"Executing query","paramsCount":0,"query":"\n      SELECT d.*, r.name as restaurant_name, r.city as restaurant_city, r.cuisine_type\n      FROM dishes d\n      JOIN restaurants r ON d.restaurant_id = r.id\n      WHERE d.is_active = TRUE AND r.is_a...","timestamp":"2025-06-10T08:13:20.220Z"}
{"affectedRows":0,"executionTime":13,"level":"info","message":"Query executed successfully","resultCount":8,"timestamp":"2025-06-10T08:13:20.233Z"}
{"level":"info","message":"Executing query","paramsCount":0,"query":"\n      SELECT \n        r.*,\n        u.username,\n        u.full_name,\n        u.is_verified,\n        d.name as dish_name,\n        rest.name as restaurant_name\n      FROM reviews r\n      JOIN users u ON...","timestamp":"2025-06-10T08:13:45.672Z"}
{"affectedRows":0,"executionTime":23,"level":"info","message":"Query executed successfully","resultCount":4,"timestamp":"2025-06-10T08:13:45.695Z"}
{"level":"info","message":"Executing query","paramsCount":0,"query":"\n      SELECT d.*, r.name as restaurant_name, r.city as restaurant_city, r.cuisine_type\n      FROM dishes d\n      JOIN restaurants r ON d.restaurant_id = r.id\n      WHERE d.is_active = TRUE AND r.is_a...","timestamp":"2025-06-10T08:36:10.190Z"}
{"affectedRows":0,"executionTime":8,"level":"info","message":"Query executed successfully","resultCount":8,"timestamp":"2025-06-10T08:36:10.198Z"}
{"level":"info","message":"Executing query","paramsCount":0,"query":"\n      SELECT \n        r.*,\n        u.username,\n        u.full_name,\n        u.is_verified,\n        d.name as dish_name,\n        rest.name as restaurant_name\n      FROM reviews r\n      JOIN users u ON...","timestamp":"2025-06-10T08:36:10.687Z"}
{"level":"info","message":"Executing query","paramsCount":0,"query":"SELECT * FROM restaurants WHERE is_active = TRUE ORDER BY rating DESC LIMIT 6 OFFSET 0","timestamp":"2025-06-10T08:36:10.693Z"}
{"level":"info","message":"Executing query","paramsCount":0,"query":"SELECT COUNT(*) as total FROM restaurants WHERE is_active = TRUE","timestamp":"2025-06-10T08:36:10.694Z"}
{"affectedRows":0,"executionTime":34,"level":"info","message":"Query executed successfully","resultCount":4,"timestamp":"2025-06-10T08:36:10.728Z"}
{"affectedRows":0,"executionTime":36,"level":"info","message":"Query executed successfully","resultCount":1,"timestamp":"2025-06-10T08:36:10.730Z"}
{"affectedRows":0,"executionTime":58,"level":"info","message":"Query executed successfully","resultCount":4,"timestamp":"2025-06-10T08:36:10.745Z"}
{"level":"info","message":"Executing query","paramsCount":0,"query":"\n      SELECT d.*, r.name as restaurant_name, r.city as restaurant_city, r.cuisine_type\n      FROM dishes d\n      JOIN restaurants r ON d.restaurant_id = r.id\n      WHERE d.is_active = TRUE AND r.is_a...","timestamp":"2025-06-10T08:36:10.768Z"}
{"level":"info","message":"Executing query","paramsCount":2,"query":"\n      SELECT \n        p.*,\n        u.username,\n        u.full_name,\n        d.name as dish_name,\n        r.name as restaurant_name\n      FROM posts p\n      JOIN users u ON p.user_id = u.id\n      LEFT...","timestamp":"2025-06-10T08:36:10.777Z"}
{"affectedRows":0,"executionTime":16,"level":"info","message":"Query executed successfully","resultCount":8,"timestamp":"2025-06-10T08:36:10.784Z"}
{"code":"ER_WRONG_ARGUMENTS","errno":1210,"error":"Incorrect arguments to mysqld_stmt_execute","executionTime":12,"level":"error","message":"Database query error","query":"\n      SELECT \n        p.*,\n        u.username,\n        u.full_name,\n        d.name as dish_name,\n        r.name as restaurant_name\n      FROM posts p\n      JOIN users u ON p.user_id = u.id\n      LEFT JOIN dishes d ON p.dish_id = d.id\n      LEFT JOIN restaurants r ON p.restaurant_id = r.id\n      WHERE 1=1\n     ORDER BY p.created_at DESC LIMIT ? OFFSET ?","timestamp":"2025-06-10T08:36:10.789Z"}
{"level":"info","message":"Executing query","paramsCount":0,"query":"SELECT * FROM restaurants WHERE is_active = TRUE ORDER BY rating DESC LIMIT 6 OFFSET 0","timestamp":"2025-06-10T08:36:10.844Z"}
{"level":"info","message":"Executing query","paramsCount":0,"query":"SELECT COUNT(*) as total FROM restaurants WHERE is_active = TRUE","timestamp":"2025-06-10T08:36:10.845Z"}
{"affectedRows":0,"executionTime":3,"level":"info","message":"Query executed successfully","resultCount":1,"timestamp":"2025-06-10T08:36:10.848Z"}
{"affectedRows":0,"executionTime":5,"level":"info","message":"Query executed successfully","resultCount":4,"timestamp":"2025-06-10T08:36:10.849Z"}
{"level":"info","message":"Executing query","paramsCount":0,"query":"\n      SELECT \n        r.*,\n        u.username,\n        u.full_name,\n        u.is_verified,\n        d.name as dish_name,\n        rest.name as restaurant_name\n      FROM reviews r\n      JOIN users u ON...","timestamp":"2025-06-10T08:36:10.859Z"}
{"level":"info","message":"Executing query","paramsCount":2,"query":"\n      SELECT \n        p.*,\n        u.username,\n        u.full_name,\n        d.name as dish_name,\n        r.name as restaurant_name\n      FROM posts p\n      JOIN users u ON p.user_id = u.id\n      LEFT...","timestamp":"2025-06-10T08:36:10.864Z"}
{"level":"info","message":"Executing query","paramsCount":0,"query":"\n      SELECT d.*, r.name as restaurant_name, r.city as restaurant_city, r.cuisine_type\n      FROM dishes d\n      JOIN restaurants r ON d.restaurant_id = r.id\n      WHERE d.is_active = TRUE AND r.is_a...","timestamp":"2025-06-10T08:36:10.867Z"}
{"affectedRows":0,"executionTime":9,"level":"info","message":"Query executed successfully","resultCount":4,"timestamp":"2025-06-10T08:36:10.868Z"}
{"code":"ER_WRONG_ARGUMENTS","errno":1210,"error":"Incorrect arguments to mysqld_stmt_execute","executionTime":12,"level":"error","message":"Database query error","query":"\n      SELECT \n        p.*,\n        u.username,\n        u.full_name,\n        d.name as dish_name,\n        r.name as restaurant_name\n      FROM posts p\n      JOIN users u ON p.user_id = u.id\n      LEFT JOIN dishes d ON p.dish_id = d.id\n      LEFT JOIN restaurants r ON p.restaurant_id = r.id\n      WHERE 1=1\n     ORDER BY p.created_at DESC LIMIT ? OFFSET ?","timestamp":"2025-06-10T08:36:10.876Z"}
{"affectedRows":0,"executionTime":13,"level":"info","message":"Query executed successfully","resultCount":8,"timestamp":"2025-06-10T08:36:10.880Z"}
{"level":"info","message":"Executing query","paramsCount":0,"query":"SELECT * FROM restaurants WHERE is_active = TRUE ORDER BY rating DESC LIMIT 6 OFFSET 0","timestamp":"2025-06-10T08:36:10.908Z"}
{"level":"info","message":"Executing query","paramsCount":0,"query":"SELECT COUNT(*) as total FROM restaurants WHERE is_active = TRUE","timestamp":"2025-06-10T08:36:10.908Z"}
{"affectedRows":0,"executionTime":4,"level":"info","message":"Query executed successfully","resultCount":4,"timestamp":"2025-06-10T08:36:10.912Z"}
{"affectedRows":0,"executionTime":5,"level":"info","message":"Query executed successfully","resultCount":1,"timestamp":"2025-06-10T08:36:10.913Z"}
{"level":"info","message":"Executing query","paramsCount":2,"query":"\n      SELECT \n        p.*,\n        u.username,\n        u.full_name,\n        d.name as dish_name,\n        r.name as restaurant_name\n      FROM posts p\n      JOIN users u ON p.user_id = u.id\n      LEFT...","timestamp":"2025-06-10T08:36:10.918Z"}
{"level":"info","message":"Executing query","paramsCount":0,"query":"\n      SELECT \n        r.*,\n        u.username,\n        u.full_name,\n        u.is_verified,\n        d.name as dish_name,\n        rest.name as restaurant_name\n      FROM reviews r\n      JOIN users u ON...","timestamp":"2025-06-10T08:36:10.921Z"}
{"code":"ER_WRONG_ARGUMENTS","errno":1210,"error":"Incorrect arguments to mysqld_stmt_execute","executionTime":5,"level":"error","message":"Database query error","query":"\n      SELECT \n        p.*,\n        u.username,\n        u.full_name,\n        d.name as dish_name,\n        r.name as restaurant_name\n      FROM posts p\n      JOIN users u ON p.user_id = u.id\n      LEFT JOIN dishes d ON p.dish_id = d.id\n      LEFT JOIN restaurants r ON p.restaurant_id = r.id\n      WHERE 1=1\n     ORDER BY p.created_at DESC LIMIT ? OFFSET ?","timestamp":"2025-06-10T08:36:10.923Z"}
{"affectedRows":0,"executionTime":8,"level":"info","message":"Query executed successfully","resultCount":4,"timestamp":"2025-06-10T08:36:10.929Z"}
{"level":"info","message":"Executing query","paramsCount":0,"query":"SELECT * FROM restaurants WHERE is_active = TRUE ORDER BY rating DESC LIMIT 6 OFFSET 0","timestamp":"2025-06-10T08:36:22.219Z"}
{"level":"info","message":"Executing query","paramsCount":0,"query":"SELECT COUNT(*) as total FROM restaurants WHERE is_active = TRUE","timestamp":"2025-06-10T08:36:22.221Z"}
{"affectedRows":0,"executionTime":3,"level":"info","message":"Query executed successfully","resultCount":1,"timestamp":"2025-06-10T08:36:22.224Z"}
{"affectedRows":0,"executionTime":7,"level":"info","message":"Query executed successfully","resultCount":4,"timestamp":"2025-06-10T08:36:22.226Z"}
{"level":"info","message":"Executing query","paramsCount":0,"query":"\n      SELECT d.*, r.name as restaurant_name, r.city as restaurant_city, r.cuisine_type\n      FROM dishes d\n      JOIN restaurants r ON d.restaurant_id = r.id\n      WHERE d.is_active = TRUE AND r.is_a...","timestamp":"2025-06-10T08:36:22.238Z"}
{"level":"info","message":"Executing query","paramsCount":2,"query":"\n      SELECT \n        p.*,\n        u.username,\n        u.full_name,\n        d.name as dish_name,\n        r.name as restaurant_name\n      FROM posts p\n      JOIN users u ON p.user_id = u.id\n      LEFT...","timestamp":"2025-06-10T08:36:22.244Z"}
{"level":"info","message":"Executing query","paramsCount":0,"query":"\n      SELECT \n        r.*,\n        u.username,\n        u.full_name,\n        u.is_verified,\n        d.name as dish_name,\n        rest.name as restaurant_name\n      FROM reviews r\n      JOIN users u ON...","timestamp":"2025-06-10T08:36:22.249Z"}
{"affectedRows":0,"executionTime":22,"level":"info","message":"Query executed successfully","resultCount":8,"timestamp":"2025-06-10T08:36:22.259Z"}
{"code":"ER_WRONG_ARGUMENTS","errno":1210,"error":"Incorrect arguments to mysqld_stmt_execute","executionTime":21,"level":"error","message":"Database query error","query":"\n      SELECT \n        p.*,\n        u.username,\n        u.full_name,\n        d.name as dish_name,\n        r.name as restaurant_name\n      FROM posts p\n      JOIN users u ON p.user_id = u.id\n      LEFT JOIN dishes d ON p.dish_id = d.id\n      LEFT JOIN restaurants r ON p.restaurant_id = r.id\n      WHERE 1=1\n     ORDER BY p.created_at DESC LIMIT ? OFFSET ?","timestamp":"2025-06-10T08:36:22.266Z"}
{"affectedRows":0,"executionTime":25,"level":"info","message":"Query executed successfully","resultCount":4,"timestamp":"2025-06-10T08:36:22.274Z"}
{"level":"info","message":"Executing query","paramsCount":0,"query":"SELECT * FROM restaurants WHERE is_active = TRUE ORDER BY rating DESC LIMIT 6 OFFSET 0","timestamp":"2025-06-10T08:36:22.335Z"}
{"level":"info","message":"Executing query","paramsCount":0,"query":"SELECT COUNT(*) as total FROM restaurants WHERE is_active = TRUE","timestamp":"2025-06-10T08:36:22.337Z"}
{"affectedRows":0,"executionTime":3,"level":"info","message":"Query executed successfully","resultCount":1,"timestamp":"2025-06-10T08:36:22.340Z"}
{"affectedRows":0,"executionTime":6,"level":"info","message":"Query executed successfully","resultCount":4,"timestamp":"2025-06-10T08:36:22.341Z"}
{"level":"info","message":"Executing query","paramsCount":0,"query":"\n      SELECT d.*, r.name as restaurant_name, r.city as restaurant_city, r.cuisine_type\n      FROM dishes d\n      JOIN restaurants r ON d.restaurant_id = r.id\n      WHERE d.is_active = TRUE AND r.is_a...","timestamp":"2025-06-10T08:36:22.352Z"}
{"level":"info","message":"Executing query","paramsCount":0,"query":"\n      SELECT \n        r.*,\n        u.username,\n        u.full_name,\n        u.is_verified,\n        d.name as dish_name,\n        rest.name as restaurant_name\n      FROM reviews r\n      JOIN users u ON...","timestamp":"2025-06-10T08:36:22.356Z"}
{"level":"info","message":"Executing query","paramsCount":2,"query":"\n      SELECT \n        p.*,\n        u.username,\n        u.full_name,\n        d.name as dish_name,\n        r.name as restaurant_name\n      FROM posts p\n      JOIN users u ON p.user_id = u.id\n      LEFT...","timestamp":"2025-06-10T08:36:22.359Z"}
{"affectedRows":0,"executionTime":5,"level":"info","message":"Query executed successfully","resultCount":4,"timestamp":"2025-06-10T08:36:22.362Z"}
{"affectedRows":0,"executionTime":13,"level":"info","message":"Query executed successfully","resultCount":8,"timestamp":"2025-06-10T08:36:22.365Z"}
{"code":"ER_WRONG_ARGUMENTS","errno":1210,"error":"Incorrect arguments to mysqld_stmt_execute","executionTime":11,"level":"error","message":"Database query error","query":"\n      SELECT \n        p.*,\n        u.username,\n        u.full_name,\n        d.name as dish_name,\n        r.name as restaurant_name\n      FROM posts p\n      JOIN users u ON p.user_id = u.id\n      LEFT JOIN dishes d ON p.dish_id = d.id\n      LEFT JOIN restaurants r ON p.restaurant_id = r.id\n      WHERE 1=1\n     ORDER BY p.created_at DESC LIMIT ? OFFSET ?","timestamp":"2025-06-10T08:36:22.370Z"}
{"level":"info","message":"Executing query","paramsCount":0,"query":"SELECT * FROM restaurants WHERE is_active = TRUE ORDER BY rating DESC LIMIT 6 OFFSET 0","timestamp":"2025-06-10T08:36:22.417Z"}
{"level":"info","message":"Executing query","paramsCount":0,"query":"SELECT COUNT(*) as total FROM restaurants WHERE is_active = TRUE","timestamp":"2025-06-10T08:36:22.418Z"}
{"affectedRows":0,"executionTime":4,"level":"info","message":"Query executed successfully","resultCount":1,"timestamp":"2025-06-10T08:36:22.422Z"}
{"affectedRows":0,"executionTime":6,"level":"info","message":"Query executed successfully","resultCount":4,"timestamp":"2025-06-10T08:36:22.423Z"}
{"level":"info","message":"Executing query","paramsCount":0,"query":"\n      SELECT \n        r.*,\n        u.username,\n        u.full_name,\n        u.is_verified,\n        d.name as dish_name,\n        rest.name as restaurant_name\n      FROM reviews r\n      JOIN users u ON...","timestamp":"2025-06-10T08:36:22.428Z"}
{"level":"info","message":"Executing query","paramsCount":0,"query":"\n      SELECT d.*, r.name as restaurant_name, r.city as restaurant_city, r.cuisine_type\n      FROM dishes d\n      JOIN restaurants r ON d.restaurant_id = r.id\n      WHERE d.is_active = TRUE AND r.is_a...","timestamp":"2025-06-10T08:36:22.430Z"}
{"level":"info","message":"Executing query","paramsCount":2,"query":"\n      SELECT \n        p.*,\n        u.username,\n        u.full_name,\n        d.name as dish_name,\n        r.name as restaurant_name\n      FROM posts p\n      JOIN users u ON p.user_id = u.id\n      LEFT...","timestamp":"2025-06-10T08:36:22.433Z"}
{"affectedRows":0,"executionTime":7,"level":"info","message":"Query executed successfully","resultCount":4,"timestamp":"2025-06-10T08:36:22.435Z"}
{"affectedRows":0,"executionTime":9,"level":"info","message":"Query executed successfully","resultCount":8,"timestamp":"2025-06-10T08:36:22.439Z"}
{"code":"ER_WRONG_ARGUMENTS","errno":1210,"error":"Incorrect arguments to mysqld_stmt_execute","executionTime":9,"level":"error","message":"Database query error","query":"\n      SELECT \n        p.*,\n        u.username,\n        u.full_name,\n        d.name as dish_name,\n        r.name as restaurant_name\n      FROM posts p\n      JOIN users u ON p.user_id = u.id\n      LEFT JOIN dishes d ON p.dish_id = d.id\n      LEFT JOIN restaurants r ON p.restaurant_id = r.id\n      WHERE 1=1\n     ORDER BY p.created_at DESC LIMIT ? OFFSET ?","timestamp":"2025-06-10T08:36:22.442Z"}
{"level":"info","message":"Executing query","paramsCount":0,"query":"SELECT * FROM restaurants WHERE is_active = TRUE ORDER BY rating DESC LIMIT 12 OFFSET 0","timestamp":"2025-06-10T08:36:25.889Z"}
{"level":"info","message":"Executing query","paramsCount":0,"query":"SELECT COUNT(*) as total FROM restaurants WHERE is_active = TRUE","timestamp":"2025-06-10T08:36:25.890Z"}
{"affectedRows":0,"executionTime":2,"level":"info","message":"Query executed successfully","resultCount":1,"timestamp":"2025-06-10T08:36:25.892Z"}
{"affectedRows":0,"executionTime":4,"level":"info","message":"Query executed successfully","resultCount":4,"timestamp":"2025-06-10T08:36:25.893Z"}
{"level":"info","message":"Executing query","paramsCount":0,"query":"SELECT * FROM restaurants WHERE is_active = TRUE ORDER BY rating DESC LIMIT 12 OFFSET 0","timestamp":"2025-06-10T08:36:25.923Z"}
{"level":"info","message":"Executing query","paramsCount":0,"query":"SELECT COUNT(*) as total FROM restaurants WHERE is_active = TRUE","timestamp":"2025-06-10T08:36:25.924Z"}
{"affectedRows":0,"executionTime":3,"level":"info","message":"Query executed successfully","resultCount":4,"timestamp":"2025-06-10T08:36:25.926Z"}
{"affectedRows":0,"executionTime":3,"level":"info","message":"Query executed successfully","resultCount":1,"timestamp":"2025-06-10T08:36:25.927Z"}
{"level":"info","message":"Executing query","paramsCount":0,"query":"SELECT * FROM restaurants WHERE is_active = TRUE ORDER BY rating DESC LIMIT 12 OFFSET 0","timestamp":"2025-06-10T08:36:25.955Z"}
{"level":"info","message":"Executing query","paramsCount":0,"query":"SELECT COUNT(*) as total FROM restaurants WHERE is_active = TRUE","timestamp":"2025-06-10T08:36:25.956Z"}
{"affectedRows":0,"executionTime":2,"level":"info","message":"Query executed successfully","resultCount":1,"timestamp":"2025-06-10T08:36:25.958Z"}
{"affectedRows":0,"executionTime":5,"level":"info","message":"Query executed successfully","resultCount":4,"timestamp":"2025-06-10T08:36:25.960Z"}
{"level":"info","message":"Executing query","paramsCount":0,"query":"SELECT * FROM restaurants WHERE is_active = TRUE ORDER BY rating DESC LIMIT 12 OFFSET 0","timestamp":"2025-06-10T08:36:37.610Z"}
{"level":"info","message":"Executing query","paramsCount":0,"query":"SELECT COUNT(*) as total FROM restaurants WHERE is_active = TRUE","timestamp":"2025-06-10T08:36:37.611Z"}
{"affectedRows":0,"executionTime":4,"level":"info","message":"Query executed successfully","resultCount":1,"timestamp":"2025-06-10T08:36:37.615Z"}
{"affectedRows":0,"executionTime":8,"level":"info","message":"Query executed successfully","resultCount":4,"timestamp":"2025-06-10T08:36:37.617Z"}
{"level":"info","message":"Executing query","paramsCount":0,"query":"SELECT * FROM restaurants WHERE is_active = TRUE ORDER BY rating DESC LIMIT 12 OFFSET 0","timestamp":"2025-06-10T08:36:37.652Z"}
{"level":"info","message":"Executing query","paramsCount":0,"query":"SELECT COUNT(*) as total FROM restaurants WHERE is_active = TRUE","timestamp":"2025-06-10T08:36:37.653Z"}
{"affectedRows":0,"executionTime":3,"level":"info","message":"Query executed successfully","resultCount":1,"timestamp":"2025-06-10T08:36:37.656Z"}
{"affectedRows":0,"executionTime":7,"level":"info","message":"Query executed successfully","resultCount":4,"timestamp":"2025-06-10T08:36:37.658Z"}
{"level":"info","message":"Executing query","paramsCount":0,"query":"SELECT * FROM restaurants WHERE is_active = TRUE ORDER BY rating DESC LIMIT 12 OFFSET 0","timestamp":"2025-06-10T08:36:37.693Z"}
{"level":"info","message":"Executing query","paramsCount":0,"query":"SELECT COUNT(*) as total FROM restaurants WHERE is_active = TRUE","timestamp":"2025-06-10T08:36:37.693Z"}
{"affectedRows":0,"executionTime":3,"level":"info","message":"Query executed successfully","resultCount":4,"timestamp":"2025-06-10T08:36:37.696Z"}
{"affectedRows":0,"executionTime":4,"level":"info","message":"Query executed successfully","resultCount":1,"timestamp":"2025-06-10T08:36:37.697Z"}
{"level":"info","message":"Executing query","paramsCount":0,"query":"SELECT 1 as health_check","timestamp":"2025-06-10T08:43:13.669Z"}
{"affectedRows":0,"executionTime":50,"level":"info","message":"Query executed successfully","resultCount":1,"timestamp":"2025-06-10T08:43:13.718Z"}
{"level":"info","message":"Executing query","paramsCount":2,"query":"\n      SELECT \n        p.*,\n        u.username,\n        u.full_name,\n        d.name as dish_name,\n        r.name as restaurant_name\n      FROM posts p\n      JOIN users u ON p.user_id = u.id\n      LEFT...","timestamp":"2025-06-10T08:48:43.946Z"}
{"level":"info","message":"Executing query","paramsCount":0,"query":"\n      SELECT d.*, r.name as restaurant_name, r.city as restaurant_city, r.cuisine_type\n      FROM dishes d\n      JOIN restaurants r ON d.restaurant_id = r.id\n      WHERE d.is_active = TRUE AND r.is_a...","timestamp":"2025-06-10T08:48:44.042Z"}
{"level":"info","message":"Executing query","paramsCount":0,"query":"\n      SELECT \n        r.*,\n        u.username,\n        u.full_name,\n        u.is_verified,\n        d.name as dish_name,\n        rest.name as restaurant_name\n      FROM reviews r\n      JOIN users u ON...","timestamp":"2025-06-10T08:48:44.051Z"}
{"level":"info","message":"Executing query","paramsCount":0,"query":"SELECT * FROM restaurants WHERE is_active = TRUE ORDER BY rating DESC LIMIT 6 OFFSET 0","timestamp":"2025-06-10T08:48:44.061Z"}
{"level":"info","message":"Executing query","paramsCount":0,"query":"SELECT COUNT(*) as total FROM restaurants WHERE is_active = TRUE","timestamp":"2025-06-10T08:48:44.068Z"}
{"code":"ER_WRONG_ARGUMENTS","errno":1210,"error":"Incorrect arguments to mysqld_stmt_execute","executionTime":168,"level":"error","message":"Database query error","query":"\n      SELECT \n        p.*,\n        u.username,\n        u.full_name,\n        d.name as dish_name,\n        r.name as restaurant_name\n      FROM posts p\n      JOIN users u ON p.user_id = u.id\n      LEFT JOIN dishes d ON p.dish_id = d.id\n      LEFT JOIN restaurants r ON p.restaurant_id = r.id\n      WHERE 1=1\n     ORDER BY p.created_at DESC LIMIT ? OFFSET ?","timestamp":"2025-06-10T08:48:44.114Z"}
{"affectedRows":0,"executionTime":99,"level":"info","message":"Query executed successfully","resultCount":4,"timestamp":"2025-06-10T08:48:44.150Z"}
{"affectedRows":0,"executionTime":89,"level":"info","message":"Query executed successfully","resultCount":1,"timestamp":"2025-06-10T08:48:44.157Z"}
{"affectedRows":0,"executionTime":105,"level":"info","message":"Query executed successfully","resultCount":4,"timestamp":"2025-06-10T08:48:44.166Z"}
{"affectedRows":0,"executionTime":138,"level":"info","message":"Query executed successfully","resultCount":8,"timestamp":"2025-06-10T08:48:44.180Z"}
{"level":"info","message":"Executing query","paramsCount":2,"query":"\n      SELECT \n        p.*,\n        u.username,\n        u.full_name,\n        d.name as dish_name,\n        r.name as restaurant_name\n      FROM posts p\n      JOIN users u ON p.user_id = u.id\n      LEFT...","timestamp":"2025-06-10T08:48:44.253Z"}
{"code":"ER_WRONG_ARGUMENTS","errno":1210,"error":"Incorrect arguments to mysqld_stmt_execute","executionTime":7,"level":"error","message":"Database query error","query":"\n      SELECT \n        p.*,\n        u.username,\n        u.full_name,\n        d.name as dish_name,\n        r.name as restaurant_name\n      FROM posts p\n      JOIN users u ON p.user_id = u.id\n      LEFT JOIN dishes d ON p.dish_id = d.id\n      LEFT JOIN restaurants r ON p.restaurant_id = r.id\n      WHERE 1=1\n     ORDER BY p.created_at DESC LIMIT ? OFFSET ?","timestamp":"2025-06-10T08:48:44.261Z"}
{"level":"info","message":"Executing query","paramsCount":0,"query":"\n      SELECT \n        r.*,\n        u.username,\n        u.full_name,\n        u.is_verified,\n        d.name as dish_name,\n        rest.name as restaurant_name\n      FROM reviews r\n      JOIN users u ON...","timestamp":"2025-06-10T08:48:44.272Z"}
{"level":"info","message":"Executing query","paramsCount":0,"query":"SELECT * FROM restaurants WHERE is_active = TRUE ORDER BY rating DESC LIMIT 6 OFFSET 0","timestamp":"2025-06-10T08:48:44.276Z"}
{"level":"info","message":"Executing query","paramsCount":0,"query":"SELECT COUNT(*) as total FROM restaurants WHERE is_active = TRUE","timestamp":"2025-06-10T08:48:44.277Z"}
{"level":"info","message":"Executing query","paramsCount":0,"query":"\n      SELECT d.*, r.name as restaurant_name, r.city as restaurant_city, r.cuisine_type\n      FROM dishes d\n      JOIN restaurants r ON d.restaurant_id = r.id\n      WHERE d.is_active = TRUE AND r.is_a...","timestamp":"2025-06-10T08:48:44.283Z"}
{"affectedRows":0,"executionTime":10,"level":"info","message":"Query executed successfully","resultCount":4,"timestamp":"2025-06-10T08:48:44.286Z"}
{"affectedRows":0,"executionTime":9,"level":"info","message":"Query executed successfully","resultCount":1,"timestamp":"2025-06-10T08:48:44.286Z"}
{"affectedRows":0,"executionTime":20,"level":"info","message":"Query executed successfully","resultCount":4,"timestamp":"2025-06-10T08:48:44.292Z"}
{"affectedRows":0,"executionTime":16,"level":"info","message":"Query executed successfully","resultCount":8,"timestamp":"2025-06-10T08:48:44.298Z"}
{"level":"info","message":"Executing query","paramsCount":2,"query":"\n      SELECT \n        p.*,\n        u.username,\n        u.full_name,\n        d.name as dish_name,\n        r.name as restaurant_name\n      FROM posts p\n      JOIN users u ON p.user_id = u.id\n      LEFT...","timestamp":"2025-06-10T08:48:44.364Z"}
{"level":"info","message":"Executing query","paramsCount":0,"query":"\n      SELECT \n        r.*,\n        u.username,\n        u.full_name,\n        u.is_verified,\n        d.name as dish_name,\n        rest.name as restaurant_name\n      FROM reviews r\n      JOIN users u ON...","timestamp":"2025-06-10T08:48:44.369Z"}
{"level":"info","message":"Executing query","paramsCount":0,"query":"SELECT * FROM restaurants WHERE is_active = TRUE ORDER BY rating DESC LIMIT 6 OFFSET 0","timestamp":"2025-06-10T08:48:44.374Z"}
{"level":"info","message":"Executing query","paramsCount":0,"query":"SELECT COUNT(*) as total FROM restaurants WHERE is_active = TRUE","timestamp":"2025-06-10T08:48:44.376Z"}
{"level":"info","message":"Executing query","paramsCount":0,"query":"\n      SELECT d.*, r.name as restaurant_name, r.city as restaurant_city, r.cuisine_type\n      FROM dishes d\n      JOIN restaurants r ON d.restaurant_id = r.id\n      WHERE d.is_active = TRUE AND r.is_a...","timestamp":"2025-06-10T08:48:44.380Z"}
{"affectedRows":0,"executionTime":14,"level":"info","message":"Query executed successfully","resultCount":4,"timestamp":"2025-06-10T08:48:44.383Z"}
{"code":"ER_WRONG_ARGUMENTS","errno":1210,"error":"Incorrect arguments to mysqld_stmt_execute","executionTime":33,"level":"error","message":"Database query error","query":"\n      SELECT \n        p.*,\n        u.username,\n        u.full_name,\n        d.name as dish_name,\n        r.name as restaurant_name\n      FROM posts p\n      JOIN users u ON p.user_id = u.id\n      LEFT JOIN dishes d ON p.dish_id = d.id\n      LEFT JOIN restaurants r ON p.restaurant_id = r.id\n      WHERE 1=1\n     ORDER BY p.created_at DESC LIMIT ? OFFSET ?","timestamp":"2025-06-10T08:48:44.396Z"}
{"affectedRows":0,"executionTime":32,"level":"info","message":"Query executed successfully","resultCount":4,"timestamp":"2025-06-10T08:48:44.406Z"}
{"affectedRows":0,"executionTime":33,"level":"info","message":"Query executed successfully","resultCount":1,"timestamp":"2025-06-10T08:48:44.409Z"}
{"affectedRows":0,"executionTime":37,"level":"info","message":"Query executed successfully","resultCount":8,"timestamp":"2025-06-10T08:48:44.417Z"}
{"level":"info","message":"Executing query","paramsCount":0,"query":"SELECT * FROM restaurants WHERE is_active = TRUE ORDER BY rating DESC LIMIT 12 OFFSET 0","timestamp":"2025-06-10T08:48:52.631Z"}
{"level":"info","message":"Executing query","paramsCount":0,"query":"SELECT COUNT(*) as total FROM restaurants WHERE is_active = TRUE","timestamp":"2025-06-10T08:48:52.632Z"}
{"affectedRows":0,"executionTime":2,"level":"info","message":"Query executed successfully","resultCount":1,"timestamp":"2025-06-10T08:48:52.633Z"}
{"affectedRows":0,"executionTime":3,"level":"info","message":"Query executed successfully","resultCount":4,"timestamp":"2025-06-10T08:48:52.634Z"}
{"level":"info","message":"Executing query","paramsCount":0,"query":"SELECT * FROM restaurants WHERE is_active = TRUE ORDER BY rating DESC LIMIT 12 OFFSET 0","timestamp":"2025-06-10T08:48:52.663Z"}
{"level":"info","message":"Executing query","paramsCount":0,"query":"SELECT COUNT(*) as total FROM restaurants WHERE is_active = TRUE","timestamp":"2025-06-10T08:48:52.664Z"}
{"affectedRows":0,"executionTime":1,"level":"info","message":"Query executed successfully","resultCount":1,"timestamp":"2025-06-10T08:48:52.665Z"}
{"affectedRows":0,"executionTime":4,"level":"info","message":"Query executed successfully","resultCount":4,"timestamp":"2025-06-10T08:48:52.667Z"}
{"level":"info","message":"Executing query","paramsCount":0,"query":"SELECT * FROM restaurants WHERE is_active = TRUE ORDER BY rating DESC LIMIT 12 OFFSET 0","timestamp":"2025-06-10T08:48:52.692Z"}
{"level":"info","message":"Executing query","paramsCount":0,"query":"SELECT COUNT(*) as total FROM restaurants WHERE is_active = TRUE","timestamp":"2025-06-10T08:48:52.692Z"}
{"affectedRows":0,"executionTime":2,"level":"info","message":"Query executed successfully","resultCount":1,"timestamp":"2025-06-10T08:48:52.694Z"}
{"affectedRows":0,"executionTime":3,"level":"info","message":"Query executed successfully","resultCount":4,"timestamp":"2025-06-10T08:48:52.695Z"}
{"level":"info","message":"Executing query","paramsCount":1,"query":"SELECT * FROM restaurants WHERE is_active = TRUE AND cuisine_type = ? ORDER BY rating DESC LIMIT 12 OFFSET 0","timestamp":"2025-06-10T08:48:55.345Z"}
{"level":"info","message":"Executing query","paramsCount":1,"query":"SELECT COUNT(*) as total FROM restaurants WHERE is_active = TRUE AND cuisine_type = ?","timestamp":"2025-06-10T08:48:55.346Z"}
{"affectedRows":0,"executionTime":4,"level":"info","message":"Query executed successfully","resultCount":0,"timestamp":"2025-06-10T08:48:55.349Z"}
{"affectedRows":0,"executionTime":3,"level":"info","message":"Query executed successfully","resultCount":1,"timestamp":"2025-06-10T08:48:55.349Z"}
{"level":"info","message":"Executing query","paramsCount":1,"query":"SELECT * FROM restaurants WHERE is_active = TRUE AND cuisine_type = ? ORDER BY rating DESC LIMIT 12 OFFSET 0","timestamp":"2025-06-10T08:48:58.892Z"}
{"level":"info","message":"Executing query","paramsCount":1,"query":"SELECT COUNT(*) as total FROM restaurants WHERE is_active = TRUE AND cuisine_type = ?","timestamp":"2025-06-10T08:48:58.892Z"}
{"affectedRows":0,"executionTime":3,"level":"info","message":"Query executed successfully","resultCount":1,"timestamp":"2025-06-10T08:48:58.895Z"}
{"affectedRows":0,"executionTime":3,"level":"info","message":"Query executed successfully","resultCount":1,"timestamp":"2025-06-10T08:48:58.895Z"}
{"level":"info","message":"Executing query","paramsCount":2,"query":"SELECT * FROM restaurants WHERE is_active = TRUE AND cuisine_type = ? AND price_range = ? ORDER BY rating DESC LIMIT 12 OFFSET 0","timestamp":"2025-06-10T08:49:01.253Z"}
{"level":"info","message":"Executing query","paramsCount":2,"query":"SELECT COUNT(*) as total FROM restaurants WHERE is_active = TRUE AND cuisine_type = ? AND price_range = ?","timestamp":"2025-06-10T08:49:01.254Z"}
{"affectedRows":0,"executionTime":7,"level":"info","message":"Query executed successfully","resultCount":0,"timestamp":"2025-06-10T08:49:01.260Z"}
{"affectedRows":0,"executionTime":7,"level":"info","message":"Query executed successfully","resultCount":1,"timestamp":"2025-06-10T08:49:01.261Z"}
{"level":"info","message":"Executing query","paramsCount":2,"query":"SELECT * FROM restaurants WHERE is_active = TRUE AND cuisine_type = ? AND price_range = ? ORDER BY rating DESC LIMIT 12 OFFSET 0","timestamp":"2025-06-10T08:49:02.522Z"}
{"level":"info","message":"Executing query","paramsCount":2,"query":"SELECT COUNT(*) as total FROM restaurants WHERE is_active = TRUE AND cuisine_type = ? AND price_range = ?","timestamp":"2025-06-10T08:49:02.523Z"}
{"affectedRows":0,"executionTime":5,"level":"info","message":"Query executed successfully","resultCount":1,"timestamp":"2025-06-10T08:49:02.527Z"}
{"affectedRows":0,"executionTime":5,"level":"info","message":"Query executed successfully","resultCount":1,"timestamp":"2025-06-10T08:49:02.528Z"}
{"level":"info","message":"Executing query","paramsCount":1,"query":"SELECT * FROM restaurants WHERE is_active = TRUE AND cuisine_type = ? ORDER BY rating DESC LIMIT 12 OFFSET 0","timestamp":"2025-06-10T08:49:04.007Z"}
{"level":"info","message":"Executing query","paramsCount":1,"query":"SELECT COUNT(*) as total FROM restaurants WHERE is_active = TRUE AND cuisine_type = ?","timestamp":"2025-06-10T08:49:04.008Z"}
{"affectedRows":0,"executionTime":1,"level":"info","message":"Query executed successfully","resultCount":1,"timestamp":"2025-06-10T08:49:04.009Z"}
{"affectedRows":0,"executionTime":4,"level":"info","message":"Query executed successfully","resultCount":1,"timestamp":"2025-06-10T08:49:04.011Z"}
{"level":"info","message":"Executing query","paramsCount":2,"query":"SELECT * FROM restaurants WHERE is_active = TRUE AND cuisine_type = ? AND price_range = ? ORDER BY rating DESC LIMIT 12 OFFSET 0","timestamp":"2025-06-10T08:49:05.963Z"}
{"level":"info","message":"Executing query","paramsCount":2,"query":"SELECT COUNT(*) as total FROM restaurants WHERE is_active = TRUE AND cuisine_type = ? AND price_range = ?","timestamp":"2025-06-10T08:49:05.964Z"}
{"affectedRows":0,"executionTime":1,"level":"info","message":"Query executed successfully","resultCount":1,"timestamp":"2025-06-10T08:49:05.965Z"}
{"affectedRows":0,"executionTime":3,"level":"info","message":"Query executed successfully","resultCount":0,"timestamp":"2025-06-10T08:49:05.966Z"}
{"level":"info","message":"Executing query","paramsCount":0,"query":"SELECT * FROM restaurants WHERE is_active = TRUE ORDER BY rating DESC LIMIT 6 OFFSET 0","timestamp":"2025-06-10T09:05:12.342Z"}
{"level":"info","message":"Executing query","paramsCount":0,"query":"SELECT COUNT(*) as total FROM restaurants WHERE is_active = TRUE","timestamp":"2025-06-10T09:05:12.349Z"}
{"level":"info","message":"Executing query","paramsCount":0,"query":"\n      SELECT \n        r.*,\n        u.username,\n        u.full_name,\n        u.is_verified,\n        d.name as dish_name,\n        rest.name as restaurant_name\n      FROM reviews r\n      JOIN users u ON...","timestamp":"2025-06-10T09:05:12.355Z"}
{"level":"info","message":"Executing query","paramsCount":0,"query":"\n      SELECT d.*, r.name as restaurant_name, r.city as restaurant_city, r.cuisine_type\n      FROM dishes d\n      JOIN restaurants r ON d.restaurant_id = r.id\n      WHERE d.is_active = TRUE AND r.is_a...","timestamp":"2025-06-10T09:05:12.364Z"}
{"level":"info","message":"Executing query","paramsCount":2,"query":"\n      SELECT \n        p.*,\n        u.username,\n        u.full_name,\n        d.name as dish_name,\n        r.name as restaurant_name\n      FROM posts p\n      JOIN users u ON p.user_id = u.id\n      LEFT...","timestamp":"2025-06-10T09:05:12.373Z"}
{"affectedRows":0,"executionTime":77,"level":"info","message":"Query executed successfully","resultCount":4,"timestamp":"2025-06-10T09:05:12.418Z"}
{"affectedRows":0,"executionTime":122,"level":"info","message":"Query executed successfully","resultCount":1,"timestamp":"2025-06-10T09:05:12.471Z"}
{"affectedRows":0,"executionTime":114,"level":"info","message":"Query executed successfully","resultCount":8,"timestamp":"2025-06-10T09:05:12.478Z"}
{"code":"ER_WRONG_ARGUMENTS","errno":1210,"error":"Incorrect arguments to mysqld_stmt_execute","executionTime":110,"level":"error","message":"Database query error","query":"\n      SELECT \n        p.*,\n        u.username,\n        u.full_name,\n        d.name as dish_name,\n        r.name as restaurant_name\n      FROM posts p\n      JOIN users u ON p.user_id = u.id\n      LEFT JOIN dishes d ON p.dish_id = d.id\n      LEFT JOIN restaurants r ON p.restaurant_id = r.id\n      WHERE 1=1\n     ORDER BY p.created_at DESC LIMIT ? OFFSET ?","timestamp":"2025-06-10T09:05:12.483Z"}
{"affectedRows":0,"executionTime":140,"level":"info","message":"Query executed successfully","resultCount":4,"timestamp":"2025-06-10T09:05:12.495Z"}
{"level":"info","message":"Executing query","paramsCount":0,"query":"\n      SELECT d.*, r.name as restaurant_name, r.city as restaurant_city, r.cuisine_type\n      FROM dishes d\n      JOIN restaurants r ON d.restaurant_id = r.id\n      WHERE d.is_active = TRUE AND r.is_a...","timestamp":"2025-06-10T09:05:12.562Z"}
{"level":"info","message":"Executing query","paramsCount":0,"query":"SELECT * FROM restaurants WHERE is_active = TRUE ORDER BY rating DESC LIMIT 6 OFFSET 0","timestamp":"2025-06-10T09:05:12.576Z"}
{"level":"info","message":"Executing query","paramsCount":0,"query":"SELECT COUNT(*) as total FROM restaurants WHERE is_active = TRUE","timestamp":"2025-06-10T09:05:12.577Z"}
{"level":"info","message":"Executing query","paramsCount":0,"query":"\n      SELECT \n        r.*,\n        u.username,\n        u.full_name,\n        u.is_verified,\n        d.name as dish_name,\n        rest.name as restaurant_name\n      FROM reviews r\n      JOIN users u ON...","timestamp":"2025-06-10T09:05:12.588Z"}
{"affectedRows":0,"executionTime":29,"level":"info","message":"Query executed successfully","resultCount":8,"timestamp":"2025-06-10T09:05:12.591Z"}
{"level":"info","message":"Executing query","paramsCount":2,"query":"\n      SELECT \n        p.*,\n        u.username,\n        u.full_name,\n        d.name as dish_name,\n        r.name as restaurant_name\n      FROM posts p\n      JOIN users u ON p.user_id = u.id\n      LEFT...","timestamp":"2025-06-10T09:05:12.611Z"}
{"affectedRows":0,"executionTime":52,"level":"info","message":"Query executed successfully","resultCount":4,"timestamp":"2025-06-10T09:05:12.628Z"}
{"affectedRows":0,"executionTime":45,"level":"info","message":"Query executed successfully","resultCount":4,"timestamp":"2025-06-10T09:05:12.632Z"}
{"affectedRows":0,"executionTime":62,"level":"info","message":"Query executed successfully","resultCount":1,"timestamp":"2025-06-10T09:05:12.639Z"}
{"code":"ER_WRONG_ARGUMENTS","errno":1210,"error":"Incorrect arguments to mysqld_stmt_execute","executionTime":32,"level":"error","message":"Database query error","query":"\n      SELECT \n        p.*,\n        u.username,\n        u.full_name,\n        d.name as dish_name,\n        r.name as restaurant_name\n      FROM posts p\n      JOIN users u ON p.user_id = u.id\n      LEFT JOIN dishes d ON p.dish_id = d.id\n      LEFT JOIN restaurants r ON p.restaurant_id = r.id\n      WHERE 1=1\n     ORDER BY p.created_at DESC LIMIT ? OFFSET ?","timestamp":"2025-06-10T09:05:12.643Z"}
{"level":"info","message":"Executing query","paramsCount":0,"query":"\n      SELECT d.*, r.name as restaurant_name, r.city as restaurant_city, r.cuisine_type\n      FROM dishes d\n      JOIN restaurants r ON d.restaurant_id = r.id\n      WHERE d.is_active = TRUE AND r.is_a...","timestamp":"2025-06-10T09:05:12.709Z"}
{"level":"info","message":"Executing query","paramsCount":2,"query":"\n      SELECT \n        p.*,\n        u.username,\n        u.full_name,\n        d.name as dish_name,\n        r.name as restaurant_name\n      FROM posts p\n      JOIN users u ON p.user_id = u.id\n      LEFT...","timestamp":"2025-06-10T09:05:12.713Z"}
{"level":"info","message":"Executing query","paramsCount":0,"query":"\n      SELECT \n        r.*,\n        u.username,\n        u.full_name,\n        u.is_verified,\n        d.name as dish_name,\n        rest.name as restaurant_name\n      FROM reviews r\n      JOIN users u ON...","timestamp":"2025-06-10T09:05:12.717Z"}
{"level":"info","message":"Executing query","paramsCount":0,"query":"SELECT * FROM restaurants WHERE is_active = TRUE ORDER BY rating DESC LIMIT 6 OFFSET 0","timestamp":"2025-06-10T09:05:12.720Z"}
{"level":"info","message":"Executing query","paramsCount":0,"query":"SELECT COUNT(*) as total FROM restaurants WHERE is_active = TRUE","timestamp":"2025-06-10T09:05:12.721Z"}
{"affectedRows":0,"executionTime":14,"level":"info","message":"Query executed successfully","resultCount":8,"timestamp":"2025-06-10T09:05:12.723Z"}
{"affectedRows":0,"executionTime":11,"level":"info","message":"Query executed successfully","resultCount":4,"timestamp":"2025-06-10T09:05:12.729Z"}
{"affectedRows":0,"executionTime":15,"level":"info","message":"Query executed successfully","resultCount":4,"timestamp":"2025-06-10T09:05:12.736Z"}
{"code":"ER_WRONG_ARGUMENTS","errno":1210,"error":"Incorrect arguments to mysqld_stmt_execute","executionTime":23,"level":"error","message":"Database query error","query":"\n      SELECT \n        p.*,\n        u.username,\n        u.full_name,\n        d.name as dish_name,\n        r.name as restaurant_name\n      FROM posts p\n      JOIN users u ON p.user_id = u.id\n      LEFT JOIN dishes d ON p.dish_id = d.id\n      LEFT JOIN restaurants r ON p.restaurant_id = r.id\n      WHERE 1=1\n     ORDER BY p.created_at DESC LIMIT ? OFFSET ?","timestamp":"2025-06-10T09:05:12.737Z"}
{"affectedRows":0,"executionTime":21,"level":"info","message":"Query executed successfully","resultCount":1,"timestamp":"2025-06-10T09:05:12.742Z"}
{"level":"info","message":"Executing query","paramsCount":0,"query":"SELECT * FROM restaurants WHERE is_active = TRUE ORDER BY rating DESC LIMIT 12 OFFSET 0","timestamp":"2025-06-10T09:05:20.641Z"}
{"level":"info","message":"Executing query","paramsCount":0,"query":"SELECT COUNT(*) as total FROM restaurants WHERE is_active = TRUE","timestamp":"2025-06-10T09:05:20.642Z"}
{"affectedRows":0,"executionTime":2,"level":"info","message":"Query executed successfully","resultCount":1,"timestamp":"2025-06-10T09:05:20.644Z"}
{"affectedRows":0,"executionTime":3,"level":"info","message":"Query executed successfully","resultCount":4,"timestamp":"2025-06-10T09:05:20.644Z"}
{"level":"info","message":"Executing query","paramsCount":0,"query":"SELECT * FROM restaurants WHERE is_active = TRUE ORDER BY rating DESC LIMIT 12 OFFSET 0","timestamp":"2025-06-10T09:05:20.663Z"}
{"level":"info","message":"Executing query","paramsCount":0,"query":"SELECT COUNT(*) as total FROM restaurants WHERE is_active = TRUE","timestamp":"2025-06-10T09:05:20.663Z"}
{"affectedRows":0,"executionTime":2,"level":"info","message":"Query executed successfully","resultCount":1,"timestamp":"2025-06-10T09:05:20.665Z"}
{"affectedRows":0,"executionTime":3,"level":"info","message":"Query executed successfully","resultCount":4,"timestamp":"2025-06-10T09:05:20.666Z"}
{"level":"info","message":"Executing query","paramsCount":0,"query":"SELECT * FROM restaurants WHERE is_active = TRUE ORDER BY rating DESC LIMIT 12 OFFSET 0","timestamp":"2025-06-10T09:05:20.683Z"}
{"level":"info","message":"Executing query","paramsCount":0,"query":"SELECT COUNT(*) as total FROM restaurants WHERE is_active = TRUE","timestamp":"2025-06-10T09:05:20.684Z"}
{"affectedRows":0,"executionTime":2,"level":"info","message":"Query executed successfully","resultCount":1,"timestamp":"2025-06-10T09:05:20.685Z"}
{"affectedRows":0,"executionTime":3,"level":"info","message":"Query executed successfully","resultCount":4,"timestamp":"2025-06-10T09:05:20.686Z"}
{"level":"info","message":"Executing query","paramsCount":1,"query":"SELECT * FROM restaurants WHERE is_active = TRUE AND cuisine_type = ? ORDER BY rating DESC LIMIT 12 OFFSET 0","timestamp":"2025-06-10T09:05:22.830Z"}
{"level":"info","message":"Executing query","paramsCount":1,"query":"SELECT COUNT(*) as total FROM restaurants WHERE is_active = TRUE AND cuisine_type = ?","timestamp":"2025-06-10T09:05:22.831Z"}
{"affectedRows":0,"executionTime":3,"level":"info","message":"Query executed successfully","resultCount":1,"timestamp":"2025-06-10T09:05:22.833Z"}
{"affectedRows":0,"executionTime":3,"level":"info","message":"Query executed successfully","resultCount":1,"timestamp":"2025-06-10T09:05:22.834Z"}
{"level":"info","message":"Executing query","paramsCount":1,"query":"SELECT * FROM restaurants WHERE is_active = TRUE AND cuisine_type = ? ORDER BY rating DESC LIMIT 12 OFFSET 0","timestamp":"2025-06-10T09:05:23.656Z"}
{"level":"info","message":"Executing query","paramsCount":1,"query":"SELECT COUNT(*) as total FROM restaurants WHERE is_active = TRUE AND cuisine_type = ?","timestamp":"2025-06-10T09:05:23.656Z"}
{"affectedRows":0,"executionTime":2,"level":"info","message":"Query executed successfully","resultCount":1,"timestamp":"2025-06-10T09:05:23.658Z"}
{"affectedRows":0,"executionTime":3,"level":"info","message":"Query executed successfully","resultCount":1,"timestamp":"2025-06-10T09:05:23.659Z"}
{"level":"info","message":"Executing query","paramsCount":1,"query":"SELECT * FROM restaurants WHERE is_active = TRUE AND cuisine_type = ? ORDER BY rating DESC LIMIT 12 OFFSET 0","timestamp":"2025-06-10T09:05:24.471Z"}
{"level":"info","message":"Executing query","paramsCount":1,"query":"SELECT COUNT(*) as total FROM restaurants WHERE is_active = TRUE AND cuisine_type = ?","timestamp":"2025-06-10T09:05:24.471Z"}
{"affectedRows":0,"executionTime":2,"level":"info","message":"Query executed successfully","resultCount":1,"timestamp":"2025-06-10T09:05:24.473Z"}
{"affectedRows":0,"executionTime":3,"level":"info","message":"Query executed successfully","resultCount":0,"timestamp":"2025-06-10T09:05:24.473Z"}
{"level":"info","message":"Executing query","paramsCount":1,"query":"SELECT * FROM restaurants WHERE is_active = TRUE AND cuisine_type = ? ORDER BY rating DESC LIMIT 12 OFFSET 0","timestamp":"2025-06-10T09:05:25.228Z"}
{"level":"info","message":"Executing query","paramsCount":1,"query":"SELECT COUNT(*) as total FROM restaurants WHERE is_active = TRUE AND cuisine_type = ?","timestamp":"2025-06-10T09:05:25.229Z"}
{"affectedRows":0,"executionTime":3,"level":"info","message":"Query executed successfully","resultCount":0,"timestamp":"2025-06-10T09:05:25.231Z"}
{"affectedRows":0,"executionTime":3,"level":"info","message":"Query executed successfully","resultCount":1,"timestamp":"2025-06-10T09:05:25.232Z"}
{"level":"info","message":"Executing query","paramsCount":1,"query":"SELECT * FROM restaurants WHERE is_active = TRUE AND cuisine_type = ? ORDER BY rating DESC LIMIT 12 OFFSET 0","timestamp":"2025-06-10T09:05:26.055Z"}
{"level":"info","message":"Executing query","paramsCount":1,"query":"SELECT COUNT(*) as total FROM restaurants WHERE is_active = TRUE AND cuisine_type = ?","timestamp":"2025-06-10T09:05:26.056Z"}
{"affectedRows":0,"executionTime":1,"level":"info","message":"Query executed successfully","resultCount":1,"timestamp":"2025-06-10T09:05:26.057Z"}
{"affectedRows":0,"executionTime":2,"level":"info","message":"Query executed successfully","resultCount":0,"timestamp":"2025-06-10T09:05:26.057Z"}
{"level":"info","message":"Executing query","paramsCount":2,"query":"SELECT * FROM restaurants WHERE is_active = TRUE AND cuisine_type = ? AND price_range = ? ORDER BY rating DESC LIMIT 12 OFFSET 0","timestamp":"2025-06-10T09:05:27.511Z"}
{"level":"info","message":"Executing query","paramsCount":2,"query":"SELECT COUNT(*) as total FROM restaurants WHERE is_active = TRUE AND cuisine_type = ? AND price_range = ?","timestamp":"2025-06-10T09:05:27.511Z"}
{"affectedRows":0,"executionTime":2,"level":"info","message":"Query executed successfully","resultCount":1,"timestamp":"2025-06-10T09:05:27.513Z"}
{"affectedRows":0,"executionTime":3,"level":"info","message":"Query executed successfully","resultCount":0,"timestamp":"2025-06-10T09:05:27.514Z"}
{"level":"info","message":"Executing query","paramsCount":2,"query":"\n      SELECT \n        p.*,\n        u.username,\n        u.full_name,\n        d.name as dish_name,\n        r.name as restaurant_name\n      FROM posts p\n      JOIN users u ON p.user_id = u.id\n      LEFT...","timestamp":"2025-06-10T14:54:27.741Z"}
{"level":"info","message":"Executing query","paramsCount":0,"query":"\n      SELECT \n        r.*,\n        u.username,\n        u.full_name,\n        u.is_verified,\n        d.name as dish_name,\n        rest.name as restaurant_name\n      FROM reviews r\n      JOIN users u ON...","timestamp":"2025-06-10T14:54:27.919Z"}
{"level":"info","message":"Executing query","paramsCount":0,"query":"SELECT * FROM restaurants WHERE is_active = TRUE ORDER BY rating DESC LIMIT 6 OFFSET 0","timestamp":"2025-06-10T14:54:27.935Z"}
{"level":"info","message":"Executing query","paramsCount":0,"query":"SELECT COUNT(*) as total FROM restaurants WHERE is_active = TRUE","timestamp":"2025-06-10T14:54:27.938Z"}
{"level":"info","message":"Executing query","paramsCount":0,"query":"\n      SELECT d.*, r.name as restaurant_name, r.city as restaurant_city, r.cuisine_type\n      FROM dishes d\n      JOIN restaurants r ON d.restaurant_id = r.id\n      WHERE d.is_active = TRUE AND r.is_a...","timestamp":"2025-06-10T14:54:27.955Z"}
{"affectedRows":0,"executionTime":155,"level":"info","message":"Query executed successfully","resultCount":4,"timestamp":"2025-06-10T14:54:28.091Z"}
{"affectedRows":0,"executionTime":154,"level":"info","message":"Query executed successfully","resultCount":1,"timestamp":"2025-06-10T14:54:28.093Z"}
{"code":"ER_WRONG_ARGUMENTS","errno":1210,"error":"Incorrect arguments to mysqld_stmt_execute","executionTime":365,"level":"error","message":"Database query error","query":"\n      SELECT \n        p.*,\n        u.username,\n        u.full_name,\n        d.name as dish_name,\n        r.name as restaurant_name\n      FROM posts p\n      JOIN users u ON p.user_id = u.id\n      LEFT JOIN dishes d ON p.dish_id = d.id\n      LEFT JOIN restaurants r ON p.restaurant_id = r.id\n      WHERE 1=1\n     ORDER BY p.created_at DESC LIMIT ? OFFSET ?","timestamp":"2025-06-10T14:54:28.104Z"}
{"affectedRows":0,"executionTime":169,"level":"info","message":"Query executed successfully","resultCount":8,"timestamp":"2025-06-10T14:54:28.124Z"}
{"affectedRows":0,"executionTime":221,"level":"info","message":"Query executed successfully","resultCount":4,"timestamp":"2025-06-10T14:54:28.141Z"}
{"level":"info","message":"Executing query","paramsCount":0,"query":"SELECT * FROM restaurants WHERE is_active = TRUE ORDER BY rating DESC LIMIT 6 OFFSET 0","timestamp":"2025-06-10T14:54:28.222Z"}
{"level":"info","message":"Executing query","paramsCount":0,"query":"SELECT COUNT(*) as total FROM restaurants WHERE is_active = TRUE","timestamp":"2025-06-10T14:54:28.223Z"}
{"affectedRows":0,"executionTime":7,"level":"info","message":"Query executed successfully","resultCount":4,"timestamp":"2025-06-10T14:54:28.229Z"}
{"affectedRows":0,"executionTime":7,"level":"info","message":"Query executed successfully","resultCount":1,"timestamp":"2025-06-10T14:54:28.230Z"}
{"level":"info","message":"Executing query","paramsCount":2,"query":"\n      SELECT \n        p.*,\n        u.username,\n        u.full_name,\n        d.name as dish_name,\n        r.name as restaurant_name\n      FROM posts p\n      JOIN users u ON p.user_id = u.id\n      LEFT...","timestamp":"2025-06-10T14:54:28.241Z"}
{"level":"info","message":"Executing query","paramsCount":0,"query":"\n      SELECT d.*, r.name as restaurant_name, r.city as restaurant_city, r.cuisine_type\n      FROM dishes d\n      JOIN restaurants r ON d.restaurant_id = r.id\n      WHERE d.is_active = TRUE AND r.is_a...","timestamp":"2025-06-10T14:54:28.248Z"}
{"level":"info","message":"Executing query","paramsCount":0,"query":"\n      SELECT \n        r.*,\n        u.username,\n        u.full_name,\n        u.is_verified,\n        d.name as dish_name,\n        rest.name as restaurant_name\n      FROM reviews r\n      JOIN users u ON...","timestamp":"2025-06-10T14:54:28.254Z"}
{"code":"ER_WRONG_ARGUMENTS","errno":1210,"error":"Incorrect arguments to mysqld_stmt_execute","executionTime":18,"level":"error","message":"Database query error","query":"\n      SELECT \n        p.*,\n        u.username,\n        u.full_name,\n        d.name as dish_name,\n        r.name as restaurant_name\n      FROM posts p\n      JOIN users u ON p.user_id = u.id\n      LEFT JOIN dishes d ON p.dish_id = d.id\n      LEFT JOIN restaurants r ON p.restaurant_id = r.id\n      WHERE 1=1\n     ORDER BY p.created_at DESC LIMIT ? OFFSET ?","timestamp":"2025-06-10T14:54:28.259Z"}
{"affectedRows":0,"executionTime":12,"level":"info","message":"Query executed successfully","resultCount":4,"timestamp":"2025-06-10T14:54:28.266Z"}
{"affectedRows":0,"executionTime":24,"level":"info","message":"Query executed successfully","resultCount":8,"timestamp":"2025-06-10T14:54:28.273Z"}
{"level":"info","message":"Executing query","paramsCount":0,"query":"SELECT * FROM restaurants WHERE is_active = TRUE ORDER BY rating DESC LIMIT 6 OFFSET 0","timestamp":"2025-06-10T14:54:28.342Z"}
{"level":"info","message":"Executing query","paramsCount":0,"query":"SELECT COUNT(*) as total FROM restaurants WHERE is_active = TRUE","timestamp":"2025-06-10T14:54:28.343Z"}
{"affectedRows":0,"executionTime":7,"level":"info","message":"Query executed successfully","resultCount":4,"timestamp":"2025-06-10T14:54:28.348Z"}
{"affectedRows":0,"executionTime":9,"level":"info","message":"Query executed successfully","resultCount":1,"timestamp":"2025-06-10T14:54:28.351Z"}
{"level":"info","message":"Executing query","paramsCount":0,"query":"\n      SELECT \n        r.*,\n        u.username,\n        u.full_name,\n        u.is_verified,\n        d.name as dish_name,\n        rest.name as restaurant_name\n      FROM reviews r\n      JOIN users u ON...","timestamp":"2025-06-10T14:54:28.364Z"}
{"level":"info","message":"Executing query","paramsCount":0,"query":"\n      SELECT d.*, r.name as restaurant_name, r.city as restaurant_city, r.cuisine_type\n      FROM dishes d\n      JOIN restaurants r ON d.restaurant_id = r.id\n      WHERE d.is_active = TRUE AND r.is_a...","timestamp":"2025-06-10T14:54:28.370Z"}
{"level":"info","message":"Executing query","paramsCount":2,"query":"\n      SELECT \n        p.*,\n        u.username,\n        u.full_name,\n        d.name as dish_name,\n        r.name as restaurant_name\n      FROM posts p\n      JOIN users u ON p.user_id = u.id\n      LEFT...","timestamp":"2025-06-10T14:54:28.376Z"}
{"affectedRows":0,"executionTime":15,"level":"info","message":"Query executed successfully","resultCount":4,"timestamp":"2025-06-10T14:54:28.379Z"}
{"affectedRows":0,"executionTime":17,"level":"info","message":"Query executed successfully","resultCount":8,"timestamp":"2025-06-10T14:54:28.387Z"}
{"code":"ER_WRONG_ARGUMENTS","errno":1210,"error":"Incorrect arguments to mysqld_stmt_execute","executionTime":17,"level":"error","message":"Database query error","query":"\n      SELECT \n        p.*,\n        u.username,\n        u.full_name,\n        d.name as dish_name,\n        r.name as restaurant_name\n      FROM posts p\n      JOIN users u ON p.user_id = u.id\n      LEFT JOIN dishes d ON p.dish_id = d.id\n      LEFT JOIN restaurants r ON p.restaurant_id = r.id\n      WHERE 1=1\n     ORDER BY p.created_at DESC LIMIT ? OFFSET ?","timestamp":"2025-06-10T14:54:28.393Z"}
{"level":"info","message":"Executing query","paramsCount":0,"query":"SELECT * FROM restaurants WHERE is_active = TRUE ORDER BY rating DESC LIMIT 12 OFFSET 0","timestamp":"2025-06-10T15:44:11.916Z"}
{"level":"info","message":"Executing query","paramsCount":0,"query":"SELECT COUNT(*) as total FROM restaurants WHERE is_active = TRUE","timestamp":"2025-06-10T15:44:11.917Z"}
{"affectedRows":0,"executionTime":4,"level":"info","message":"Query executed successfully","resultCount":1,"timestamp":"2025-06-10T15:44:11.921Z"}
{"affectedRows":0,"executionTime":7,"level":"info","message":"Query executed successfully","resultCount":4,"timestamp":"2025-06-10T15:44:11.923Z"}
{"level":"info","message":"Executing query","paramsCount":0,"query":"SELECT * FROM restaurants WHERE is_active = TRUE ORDER BY rating DESC LIMIT 12 OFFSET 0","timestamp":"2025-06-10T15:44:11.950Z"}
{"level":"info","message":"Executing query","paramsCount":0,"query":"SELECT COUNT(*) as total FROM restaurants WHERE is_active = TRUE","timestamp":"2025-06-10T15:44:11.950Z"}
{"affectedRows":0,"executionTime":2,"level":"info","message":"Query executed successfully","resultCount":1,"timestamp":"2025-06-10T15:44:11.952Z"}
{"affectedRows":0,"executionTime":3,"level":"info","message":"Query executed successfully","resultCount":4,"timestamp":"2025-06-10T15:44:11.952Z"}
{"level":"info","message":"Executing query","paramsCount":0,"query":"SELECT * FROM restaurants WHERE is_active = TRUE ORDER BY rating DESC LIMIT 12 OFFSET 0","timestamp":"2025-06-10T15:44:11.970Z"}
{"level":"info","message":"Executing query","paramsCount":0,"query":"SELECT COUNT(*) as total FROM restaurants WHERE is_active = TRUE","timestamp":"2025-06-10T15:44:11.971Z"}
{"affectedRows":0,"executionTime":1,"level":"info","message":"Query executed successfully","resultCount":1,"timestamp":"2025-06-10T15:44:11.972Z"}
{"affectedRows":0,"executionTime":3,"level":"info","message":"Query executed successfully","resultCount":4,"timestamp":"2025-06-10T15:44:11.973Z"}
{"level":"info","message":"Executing query","paramsCount":0,"query":"\n      SELECT d.*, r.name as restaurant_name, r.city as restaurant_city, r.cuisine_type\n      FROM dishes d\n      JOIN restaurants r ON d.restaurant_id = r.id\n      WHERE d.is_active = TRUE AND r.is_a...","timestamp":"2025-06-10T15:44:13.430Z"}
{"affectedRows":0,"executionTime":2,"level":"info","message":"Query executed successfully","resultCount":8,"timestamp":"2025-06-10T15:44:13.432Z"}
{"level":"info","message":"Executing query","paramsCount":0,"query":"\n      SELECT d.*, r.name as restaurant_name, r.city as restaurant_city, r.cuisine_type\n      FROM dishes d\n      JOIN restaurants r ON d.restaurant_id = r.id\n      WHERE d.is_active = TRUE AND r.is_a...","timestamp":"2025-06-10T15:44:13.451Z"}
{"affectedRows":0,"executionTime":1,"level":"info","message":"Query executed successfully","resultCount":8,"timestamp":"2025-06-10T15:44:13.452Z"}
{"level":"info","message":"Executing query","paramsCount":0,"query":"\n      SELECT d.*, r.name as restaurant_name, r.city as restaurant_city, r.cuisine_type\n      FROM dishes d\n      JOIN restaurants r ON d.restaurant_id = r.id\n      WHERE d.is_active = TRUE AND r.is_a...","timestamp":"2025-06-10T15:44:13.470Z"}
{"affectedRows":0,"executionTime":2,"level":"info","message":"Query executed successfully","resultCount":8,"timestamp":"2025-06-10T15:44:13.472Z"}
{"level":"info","message":"Executing query","paramsCount":0,"query":"\n      SELECT \n        r.*,\n        u.username,\n        u.full_name,\n        u.is_verified,\n        d.name as dish_name,\n        rest.name as restaurant_name\n      FROM reviews r\n      JOIN users u ON...","timestamp":"2025-06-10T15:44:16.028Z"}
{"affectedRows":0,"executionTime":3,"level":"info","message":"Query executed successfully","resultCount":4,"timestamp":"2025-06-10T15:44:16.031Z"}
{"level":"info","message":"Executing query","paramsCount":0,"query":"\n      SELECT \n        r.*,\n        u.username,\n        u.full_name,\n        u.is_verified,\n        d.name as dish_name,\n        rest.name as restaurant_name\n      FROM reviews r\n      JOIN users u ON...","timestamp":"2025-06-10T15:44:16.053Z"}
{"affectedRows":0,"executionTime":2,"level":"info","message":"Query executed successfully","resultCount":4,"timestamp":"2025-06-10T15:44:16.055Z"}
{"level":"info","message":"Executing query","paramsCount":0,"query":"\n      SELECT \n        r.*,\n        u.username,\n        u.full_name,\n        u.is_verified,\n        d.name as dish_name,\n        rest.name as restaurant_name\n      FROM reviews r\n      JOIN users u ON...","timestamp":"2025-06-10T15:44:16.072Z"}
{"affectedRows":0,"executionTime":2,"level":"info","message":"Query executed successfully","resultCount":4,"timestamp":"2025-06-10T15:44:16.074Z"}
{"level":"info","message":"Executing query","paramsCount":2,"query":"\n      SELECT \n        p.*,\n        u.username,\n        u.full_name,\n        d.name as dish_name,\n        r.name as restaurant_name\n      FROM posts p\n      JOIN users u ON p.user_id = u.id\n      LEFT...","timestamp":"2025-06-10T15:44:17.776Z"}
{"code":"ER_WRONG_ARGUMENTS","errno":1210,"error":"Incorrect arguments to mysqld_stmt_execute","executionTime":2,"level":"error","message":"Database query error","query":"\n      SELECT \n        p.*,\n        u.username,\n        u.full_name,\n        d.name as dish_name,\n        r.name as restaurant_name\n      FROM posts p\n      JOIN users u ON p.user_id = u.id\n      LEFT JOIN dishes d ON p.dish_id = d.id\n      LEFT JOIN restaurants r ON p.restaurant_id = r.id\n      WHERE 1=1\n     ORDER BY p.created_at DESC LIMIT ? OFFSET ?","timestamp":"2025-06-10T15:44:17.778Z"}
{"level":"info","message":"Executing query","paramsCount":2,"query":"\n      SELECT \n        p.*,\n        u.username,\n        u.full_name,\n        d.name as dish_name,\n        r.name as restaurant_name\n      FROM posts p\n      JOIN users u ON p.user_id = u.id\n      LEFT...","timestamp":"2025-06-10T15:44:17.798Z"}
{"code":"ER_WRONG_ARGUMENTS","errno":1210,"error":"Incorrect arguments to mysqld_stmt_execute","executionTime":3,"level":"error","message":"Database query error","query":"\n      SELECT \n        p.*,\n        u.username,\n        u.full_name,\n        d.name as dish_name,\n        r.name as restaurant_name\n      FROM posts p\n      JOIN users u ON p.user_id = u.id\n      LEFT JOIN dishes d ON p.dish_id = d.id\n      LEFT JOIN restaurants r ON p.restaurant_id = r.id\n      WHERE 1=1\n     ORDER BY p.created_at DESC LIMIT ? OFFSET ?","timestamp":"2025-06-10T15:44:17.801Z"}
{"level":"info","message":"Executing query","paramsCount":2,"query":"\n      SELECT \n        p.*,\n        u.username,\n        u.full_name,\n        d.name as dish_name,\n        r.name as restaurant_name\n      FROM posts p\n      JOIN users u ON p.user_id = u.id\n      LEFT...","timestamp":"2025-06-10T15:44:17.818Z"}
{"code":"ER_WRONG_ARGUMENTS","errno":1210,"error":"Incorrect arguments to mysqld_stmt_execute","executionTime":1,"level":"error","message":"Database query error","query":"\n      SELECT \n        p.*,\n        u.username,\n        u.full_name,\n        d.name as dish_name,\n        r.name as restaurant_name\n      FROM posts p\n      JOIN users u ON p.user_id = u.id\n      LEFT JOIN dishes d ON p.dish_id = d.id\n      LEFT JOIN restaurants r ON p.restaurant_id = r.id\n      WHERE 1=1\n     ORDER BY p.created_at DESC LIMIT ? OFFSET ?","timestamp":"2025-06-10T15:44:17.819Z"}
{"level":"info","message":"Executing query","paramsCount":0,"query":"SELECT * FROM restaurants WHERE is_active = TRUE ORDER BY rating DESC LIMIT 6 OFFSET 0","timestamp":"2025-06-10T15:49:06.740Z"}
{"level":"info","message":"Executing query","paramsCount":0,"query":"SELECT COUNT(*) as total FROM restaurants WHERE is_active = TRUE","timestamp":"2025-06-10T15:49:06.746Z"}
{"level":"info","message":"Executing query","paramsCount":0,"query":"\n      SELECT d.*, r.name as restaurant_name, r.city as restaurant_city, r.cuisine_type\n      FROM dishes d\n      JOIN restaurants r ON d.restaurant_id = r.id\n      WHERE d.is_active = TRUE AND r.is_a...","timestamp":"2025-06-10T15:49:06.756Z"}
{"level":"info","message":"Executing query","paramsCount":2,"query":"\n      SELECT \n        p.*,\n        u.username,\n        u.full_name,\n        d.name as dish_name,\n        r.name as restaurant_name\n      FROM posts p\n      JOIN users u ON p.user_id = u.id\n      LEFT...","timestamp":"2025-06-10T15:49:06.761Z"}
{"level":"info","message":"Executing query","paramsCount":0,"query":"\n      SELECT \n        r.*,\n        u.username,\n        u.full_name,\n        u.is_verified,\n        d.name as dish_name,\n        rest.name as restaurant_name\n      FROM reviews r\n      JOIN users u ON...","timestamp":"2025-06-10T15:49:06.767Z"}
{"affectedRows":0,"executionTime":47,"level":"info","message":"Query executed successfully","resultCount":1,"timestamp":"2025-06-10T15:49:06.793Z"}
{"affectedRows":0,"executionTime":56,"level":"info","message":"Query executed successfully","resultCount":4,"timestamp":"2025-06-10T15:49:06.796Z"}
{"code":"ER_WRONG_ARGUMENTS","errno":1210,"error":"Incorrect arguments to mysqld_stmt_execute","executionTime":41,"level":"error","message":"Database query error","query":"\n      SELECT \n        p.*,\n        u.username,\n        u.full_name,\n        d.name as dish_name,\n        r.name as restaurant_name\n      FROM posts p\n      JOIN users u ON p.user_id = u.id\n      LEFT JOIN dishes d ON p.dish_id = d.id\n      LEFT JOIN restaurants r ON p.restaurant_id = r.id\n      WHERE 1=1\n     ORDER BY p.created_at DESC LIMIT ? OFFSET ?","timestamp":"2025-06-10T15:49:06.802Z"}
{"affectedRows":0,"executionTime":56,"level":"info","message":"Query executed successfully","resultCount":8,"timestamp":"2025-06-10T15:49:06.812Z"}
{"affectedRows":0,"executionTime":52,"level":"info","message":"Query executed successfully","resultCount":4,"timestamp":"2025-06-10T15:49:06.818Z"}
{"level":"info","message":"Executing query","paramsCount":2,"query":"\n      SELECT \n        p.*,\n        u.username,\n        u.full_name,\n        d.name as dish_name,\n        r.name as restaurant_name\n      FROM posts p\n      JOIN users u ON p.user_id = u.id\n      LEFT...","timestamp":"2025-06-10T15:49:06.853Z"}
{"code":"ER_WRONG_ARGUMENTS","errno":1210,"error":"Incorrect arguments to mysqld_stmt_execute","executionTime":2,"level":"error","message":"Database query error","query":"\n      SELECT \n        p.*,\n        u.username,\n        u.full_name,\n        d.name as dish_name,\n        r.name as restaurant_name\n      FROM posts p\n      JOIN users u ON p.user_id = u.id\n      LEFT JOIN dishes d ON p.dish_id = d.id\n      LEFT JOIN restaurants r ON p.restaurant_id = r.id\n      WHERE 1=1\n     ORDER BY p.created_at DESC LIMIT ? OFFSET ?","timestamp":"2025-06-10T15:49:06.855Z"}
{"level":"info","message":"Executing query","paramsCount":0,"query":"\n      SELECT \n        r.*,\n        u.username,\n        u.full_name,\n        u.is_verified,\n        d.name as dish_name,\n        rest.name as restaurant_name\n      FROM reviews r\n      JOIN users u ON...","timestamp":"2025-06-10T15:49:06.860Z"}
{"level":"info","message":"Executing query","paramsCount":0,"query":"\n      SELECT d.*, r.name as restaurant_name, r.city as restaurant_city, r.cuisine_type\n      FROM dishes d\n      JOIN restaurants r ON d.restaurant_id = r.id\n      WHERE d.is_active = TRUE AND r.is_a...","timestamp":"2025-06-10T15:49:06.864Z"}
{"level":"info","message":"Executing query","paramsCount":0,"query":"SELECT * FROM restaurants WHERE is_active = TRUE ORDER BY rating DESC LIMIT 6 OFFSET 0","timestamp":"2025-06-10T15:49:06.867Z"}
{"level":"info","message":"Executing query","paramsCount":0,"query":"SELECT COUNT(*) as total FROM restaurants WHERE is_active = TRUE","timestamp":"2025-06-10T15:49:06.868Z"}
{"affectedRows":0,"executionTime":10,"level":"info","message":"Query executed successfully","resultCount":4,"timestamp":"2025-06-10T15:49:06.870Z"}
{"affectedRows":0,"executionTime":9,"level":"info","message":"Query executed successfully","resultCount":8,"timestamp":"2025-06-10T15:49:06.873Z"}
{"affectedRows":0,"executionTime":10,"level":"info","message":"Query executed successfully","resultCount":4,"timestamp":"2025-06-10T15:49:06.877Z"}
{"affectedRows":0,"executionTime":10,"level":"info","message":"Query executed successfully","resultCount":1,"timestamp":"2025-06-10T15:49:06.878Z"}
{"level":"info","message":"Executing query","paramsCount":2,"query":"\n      SELECT \n        p.*,\n        u.username,\n        u.full_name,\n        d.name as dish_name,\n        r.name as restaurant_name\n      FROM posts p\n      JOIN users u ON p.user_id = u.id\n      LEFT...","timestamp":"2025-06-10T15:49:06.911Z"}
{"level":"info","message":"Executing query","paramsCount":0,"query":"\n      SELECT \n        r.*,\n        u.username,\n        u.full_name,\n        u.is_verified,\n        d.name as dish_name,\n        rest.name as restaurant_name\n      FROM reviews r\n      JOIN users u ON...","timestamp":"2025-06-10T15:49:06.914Z"}
{"level":"info","message":"Executing query","paramsCount":0,"query":"\n      SELECT d.*, r.name as restaurant_name, r.city as restaurant_city, r.cuisine_type\n      FROM dishes d\n      JOIN restaurants r ON d.restaurant_id = r.id\n      WHERE d.is_active = TRUE AND r.is_a...","timestamp":"2025-06-10T15:49:06.917Z"}
{"level":"info","message":"Executing query","paramsCount":0,"query":"SELECT * FROM restaurants WHERE is_active = TRUE ORDER BY rating DESC LIMIT 6 OFFSET 0","timestamp":"2025-06-10T15:49:06.920Z"}
{"level":"info","message":"Executing query","paramsCount":0,"query":"SELECT COUNT(*) as total FROM restaurants WHERE is_active = TRUE","timestamp":"2025-06-10T15:49:06.920Z"}
{"affectedRows":0,"executionTime":6,"level":"info","message":"Query executed successfully","resultCount":8,"timestamp":"2025-06-10T15:49:06.923Z"}
{"affectedRows":0,"executionTime":6,"level":"info","message":"Query executed successfully","resultCount":1,"timestamp":"2025-06-10T15:49:06.926Z"}
{"code":"ER_WRONG_ARGUMENTS","errno":1210,"error":"Incorrect arguments to mysqld_stmt_execute","executionTime":16,"level":"error","message":"Database query error","query":"\n      SELECT \n        p.*,\n        u.username,\n        u.full_name,\n        d.name as dish_name,\n        r.name as restaurant_name\n      FROM posts p\n      JOIN users u ON p.user_id = u.id\n      LEFT JOIN dishes d ON p.dish_id = d.id\n      LEFT JOIN restaurants r ON p.restaurant_id = r.id\n      WHERE 1=1\n     ORDER BY p.created_at DESC LIMIT ? OFFSET ?","timestamp":"2025-06-10T15:49:06.927Z"}
{"affectedRows":0,"executionTime":17,"level":"info","message":"Query executed successfully","resultCount":4,"timestamp":"2025-06-10T15:49:06.931Z"}
{"affectedRows":0,"executionTime":16,"level":"info","message":"Query executed successfully","resultCount":4,"timestamp":"2025-06-10T15:49:06.936Z"}
{"level":"info","message":"Executing query","paramsCount":0,"query":"SELECT * FROM restaurants WHERE is_active = TRUE ORDER BY rating DESC LIMIT 12 OFFSET 0","timestamp":"2025-06-10T15:49:08.911Z"}
{"level":"info","message":"Executing query","paramsCount":0,"query":"SELECT COUNT(*) as total FROM restaurants WHERE is_active = TRUE","timestamp":"2025-06-10T15:49:08.911Z"}
{"affectedRows":0,"executionTime":2,"level":"info","message":"Query executed successfully","resultCount":4,"timestamp":"2025-06-10T15:49:08.913Z"}
{"affectedRows":0,"executionTime":3,"level":"info","message":"Query executed successfully","resultCount":1,"timestamp":"2025-06-10T15:49:08.914Z"}
{"level":"info","message":"Executing query","paramsCount":0,"query":"SELECT * FROM restaurants WHERE is_active = TRUE ORDER BY rating DESC LIMIT 12 OFFSET 0","timestamp":"2025-06-10T15:49:08.935Z"}
{"level":"info","message":"Executing query","paramsCount":0,"query":"SELECT COUNT(*) as total FROM restaurants WHERE is_active = TRUE","timestamp":"2025-06-10T15:49:08.935Z"}
{"affectedRows":0,"executionTime":2,"level":"info","message":"Query executed successfully","resultCount":1,"timestamp":"2025-06-10T15:49:08.937Z"}
{"affectedRows":0,"executionTime":3,"level":"info","message":"Query executed successfully","resultCount":4,"timestamp":"2025-06-10T15:49:08.938Z"}
{"level":"info","message":"Executing query","paramsCount":0,"query":"SELECT * FROM restaurants WHERE is_active = TRUE ORDER BY rating DESC LIMIT 12 OFFSET 0","timestamp":"2025-06-10T15:49:08.955Z"}
{"level":"info","message":"Executing query","paramsCount":0,"query":"SELECT COUNT(*) as total FROM restaurants WHERE is_active = TRUE","timestamp":"2025-06-10T15:49:08.955Z"}
{"affectedRows":0,"executionTime":1,"level":"info","message":"Query executed successfully","resultCount":4,"timestamp":"2025-06-10T15:49:08.956Z"}
{"affectedRows":0,"executionTime":2,"level":"info","message":"Query executed successfully","resultCount":1,"timestamp":"2025-06-10T15:49:08.957Z"}
{"level":"info","message":"Executing query","paramsCount":1,"query":"SELECT * FROM restaurants WHERE is_active = TRUE AND cuisine_type = ? ORDER BY rating DESC LIMIT 12 OFFSET 0","timestamp":"2025-06-10T15:49:11.613Z"}
{"level":"info","message":"Executing query","paramsCount":1,"query":"SELECT COUNT(*) as total FROM restaurants WHERE is_active = TRUE AND cuisine_type = ?","timestamp":"2025-06-10T15:49:11.613Z"}
{"affectedRows":0,"executionTime":3,"level":"info","message":"Query executed successfully","resultCount":1,"timestamp":"2025-06-10T15:49:11.616Z"}
{"affectedRows":0,"executionTime":3,"level":"info","message":"Query executed successfully","resultCount":1,"timestamp":"2025-06-10T15:49:11.616Z"}
{"level":"info","message":"Executing query","paramsCount":2,"query":"SELECT * FROM restaurants WHERE is_active = TRUE AND cuisine_type = ? AND price_range = ? ORDER BY rating DESC LIMIT 12 OFFSET 0","timestamp":"2025-06-10T15:49:14.623Z"}
{"level":"info","message":"Executing query","paramsCount":2,"query":"SELECT COUNT(*) as total FROM restaurants WHERE is_active = TRUE AND cuisine_type = ? AND price_range = ?","timestamp":"2025-06-10T15:49:14.623Z"}
{"affectedRows":0,"executionTime":2,"level":"info","message":"Query executed successfully","resultCount":0,"timestamp":"2025-06-10T15:49:14.626Z"}
{"affectedRows":0,"executionTime":3,"level":"info","message":"Query executed successfully","resultCount":1,"timestamp":"2025-06-10T15:49:14.626Z"}
{"level":"info","message":"Executing query","paramsCount":0,"query":"SELECT * FROM restaurants WHERE is_active = TRUE ORDER BY rating DESC LIMIT 12 OFFSET 0","timestamp":"2025-06-10T15:56:30.529Z"}
{"level":"info","message":"Executing query","paramsCount":0,"query":"SELECT COUNT(*) as total FROM restaurants WHERE is_active = TRUE","timestamp":"2025-06-10T15:56:30.529Z"}
{"affectedRows":0,"executionTime":3,"level":"info","message":"Query executed successfully","resultCount":4,"timestamp":"2025-06-10T15:56:30.532Z"}
{"affectedRows":0,"executionTime":4,"level":"info","message":"Query executed successfully","resultCount":1,"timestamp":"2025-06-10T15:56:30.533Z"}
{"level":"info","message":"Executing query","paramsCount":0,"query":"SELECT * FROM restaurants WHERE is_active = TRUE ORDER BY rating DESC LIMIT 12 OFFSET 0","timestamp":"2025-06-10T15:56:30.558Z"}
{"level":"info","message":"Executing query","paramsCount":0,"query":"SELECT COUNT(*) as total FROM restaurants WHERE is_active = TRUE","timestamp":"2025-06-10T15:56:30.558Z"}
{"affectedRows":0,"executionTime":2,"level":"info","message":"Query executed successfully","resultCount":1,"timestamp":"2025-06-10T15:56:30.560Z"}
{"affectedRows":0,"executionTime":2,"level":"info","message":"Query executed successfully","resultCount":4,"timestamp":"2025-06-10T15:56:30.560Z"}
{"level":"info","message":"Executing query","paramsCount":0,"query":"SELECT * FROM restaurants WHERE is_active = TRUE ORDER BY rating DESC LIMIT 12 OFFSET 0","timestamp":"2025-06-10T15:56:30.578Z"}
{"level":"info","message":"Executing query","paramsCount":0,"query":"SELECT COUNT(*) as total FROM restaurants WHERE is_active = TRUE","timestamp":"2025-06-10T15:56:30.578Z"}
{"affectedRows":0,"executionTime":1,"level":"info","message":"Query executed successfully","resultCount":1,"timestamp":"2025-06-10T15:56:30.579Z"}
{"affectedRows":0,"executionTime":2,"level":"info","message":"Query executed successfully","resultCount":4,"timestamp":"2025-06-10T15:56:30.580Z"}
{"level":"info","message":"Executing query","paramsCount":2,"query":"\n      SELECT \n        p.*,\n        u.username,\n        u.full_name,\n        d.name as dish_name,\n        r.name as restaurant_name\n      FROM posts p\n      JOIN users u ON p.user_id = u.id\n      LEFT...","timestamp":"2025-06-10T16:07:11.535Z"}
{"level":"info","message":"Executing query","paramsCount":0,"query":"\n      SELECT \n        r.*,\n        u.username,\n        u.full_name,\n        u.is_verified,\n        d.name as dish_name,\n        rest.name as restaurant_name\n      FROM reviews r\n      JOIN users u ON...","timestamp":"2025-06-10T16:07:11.616Z"}
{"level":"info","message":"Executing query","paramsCount":0,"query":"SELECT * FROM restaurants WHERE is_active = TRUE ORDER BY rating DESC LIMIT 6 OFFSET 0","timestamp":"2025-06-10T16:07:11.625Z"}
{"level":"info","message":"Executing query","paramsCount":0,"query":"SELECT COUNT(*) as total FROM restaurants WHERE is_active = TRUE","timestamp":"2025-06-10T16:07:11.626Z"}
{"level":"info","message":"Executing query","paramsCount":0,"query":"\n      SELECT d.*, r.name as restaurant_name, r.city as restaurant_city, r.cuisine_type\n      FROM dishes d\n      JOIN restaurants r ON d.restaurant_id = r.id\n      WHERE d.is_active = TRUE AND r.is_a...","timestamp":"2025-06-10T16:07:11.634Z"}
{"code":"ER_WRONG_ARGUMENTS","errno":1210,"error":"Incorrect arguments to mysqld_stmt_execute","executionTime":135,"level":"error","message":"Database query error","query":"\n      SELECT \n        p.*,\n        u.username,\n        u.full_name,\n        d.name as dish_name,\n        r.name as restaurant_name\n      FROM posts p\n      JOIN users u ON p.user_id = u.id\n      LEFT JOIN dishes d ON p.dish_id = d.id\n      LEFT JOIN restaurants r ON p.restaurant_id = r.id\n      WHERE 1=1\n     ORDER BY p.created_at DESC LIMIT ? OFFSET ?","timestamp":"2025-06-10T16:07:11.669Z"}
{"affectedRows":0,"executionTime":77,"level":"info","message":"Query executed successfully","resultCount":4,"timestamp":"2025-06-10T16:07:11.693Z"}
{"affectedRows":0,"executionTime":73,"level":"info","message":"Query executed successfully","resultCount":1,"timestamp":"2025-06-10T16:07:11.699Z"}
{"affectedRows":0,"executionTime":81,"level":"info","message":"Query executed successfully","resultCount":4,"timestamp":"2025-06-10T16:07:11.705Z"}
{"affectedRows":0,"executionTime":79,"level":"info","message":"Query executed successfully","resultCount":8,"timestamp":"2025-06-10T16:07:11.713Z"}
{"level":"info","message":"Executing query","paramsCount":0,"query":"\n      SELECT \n        r.*,\n        u.username,\n        u.full_name,\n        u.is_verified,\n        d.name as dish_name,\n        rest.name as restaurant_name\n      FROM reviews r\n      JOIN users u ON...","timestamp":"2025-06-10T16:07:11.780Z"}
{"level":"info","message":"Executing query","paramsCount":0,"query":"SELECT * FROM restaurants WHERE is_active = TRUE ORDER BY rating DESC LIMIT 6 OFFSET 0","timestamp":"2025-06-10T16:07:11.785Z"}
{"level":"info","message":"Executing query","paramsCount":0,"query":"SELECT COUNT(*) as total FROM restaurants WHERE is_active = TRUE","timestamp":"2025-06-10T16:07:11.785Z"}
{"level":"info","message":"Executing query","paramsCount":2,"query":"\n      SELECT \n        p.*,\n        u.username,\n        u.full_name,\n        d.name as dish_name,\n        r.name as restaurant_name\n      FROM posts p\n      JOIN users u ON p.user_id = u.id\n      LEFT...","timestamp":"2025-06-10T16:07:11.789Z"}
{"level":"info","message":"Executing query","paramsCount":0,"query":"\n      SELECT d.*, r.name as restaurant_name, r.city as restaurant_city, r.cuisine_type\n      FROM dishes d\n      JOIN restaurants r ON d.restaurant_id = r.id\n      WHERE d.is_active = TRUE AND r.is_a...","timestamp":"2025-06-10T16:07:11.794Z"}
{"affectedRows":0,"executionTime":17,"level":"info","message":"Query executed successfully","resultCount":4,"timestamp":"2025-06-10T16:07:11.796Z"}
{"affectedRows":0,"executionTime":15,"level":"info","message":"Query executed successfully","resultCount":1,"timestamp":"2025-06-10T16:07:11.800Z"}
{"affectedRows":0,"executionTime":16,"level":"info","message":"Query executed successfully","resultCount":4,"timestamp":"2025-06-10T16:07:11.801Z"}
{"code":"ER_WRONG_ARGUMENTS","errno":1210,"error":"Incorrect arguments to mysqld_stmt_execute","executionTime":16,"level":"error","message":"Database query error","query":"\n      SELECT \n        p.*,\n        u.username,\n        u.full_name,\n        d.name as dish_name,\n        r.name as restaurant_name\n      FROM posts p\n      JOIN users u ON p.user_id = u.id\n      LEFT JOIN dishes d ON p.dish_id = d.id\n      LEFT JOIN restaurants r ON p.restaurant_id = r.id\n      WHERE 1=1\n     ORDER BY p.created_at DESC LIMIT ? OFFSET ?","timestamp":"2025-06-10T16:07:11.806Z"}
{"affectedRows":0,"executionTime":18,"level":"info","message":"Query executed successfully","resultCount":8,"timestamp":"2025-06-10T16:07:11.812Z"}
{"level":"info","message":"Executing query","paramsCount":0,"query":"\n      SELECT d.*, r.name as restaurant_name, r.city as restaurant_city, r.cuisine_type\n      FROM dishes d\n      JOIN restaurants r ON d.restaurant_id = r.id\n      WHERE d.is_active = TRUE AND r.is_a...","timestamp":"2025-06-10T16:07:19.076Z"}
{"affectedRows":0,"executionTime":2,"level":"info","message":"Query executed successfully","resultCount":8,"timestamp":"2025-06-10T16:07:19.078Z"}
{"level":"info","message":"Executing query","paramsCount":0,"query":"\n      SELECT d.*, r.name as restaurant_name, r.city as restaurant_city, r.cuisine_type\n      FROM dishes d\n      JOIN restaurants r ON d.restaurant_id = r.id\n      WHERE d.is_active = TRUE AND r.is_a...","timestamp":"2025-06-10T16:07:19.101Z"}
{"affectedRows":0,"executionTime":3,"level":"info","message":"Query executed successfully","resultCount":8,"timestamp":"2025-06-10T16:07:19.104Z"}
{"level":"info","message":"Executing query","paramsCount":1,"query":"SELECT id, username, email, password_hash, full_name, is_verified, is_premium FROM users WHERE email = ? AND is_active = TRUE","timestamp":"2025-06-10T16:07:40.540Z"}
{"affectedRows":0,"executionTime":100,"level":"info","message":"Query executed successfully","resultCount":1,"timestamp":"2025-06-10T16:07:40.640Z"}
{"level":"info","message":"Executing query","paramsCount":1,"query":"SELECT id, username, email, password_hash, full_name, is_verified, is_premium FROM users WHERE email = ? AND is_active = TRUE","timestamp":"2025-06-10T16:07:52.120Z"}
{"affectedRows":0,"executionTime":2,"level":"info","message":"Query executed successfully","resultCount":1,"timestamp":"2025-06-10T16:07:52.123Z"}
{"level":"info","message":"Executing query","paramsCount":0,"query":"SELECT * FROM restaurants WHERE is_active = TRUE ORDER BY rating DESC LIMIT 12 OFFSET 0","timestamp":"2025-06-10T16:07:54.970Z"}
{"level":"info","message":"Executing query","paramsCount":0,"query":"SELECT COUNT(*) as total FROM restaurants WHERE is_active = TRUE","timestamp":"2025-06-10T16:07:54.971Z"}
{"affectedRows":0,"executionTime":8,"level":"info","message":"Query executed successfully","resultCount":4,"timestamp":"2025-06-10T16:07:54.978Z"}
{"affectedRows":0,"executionTime":10,"level":"info","message":"Query executed successfully","resultCount":1,"timestamp":"2025-06-10T16:07:54.981Z"}
{"level":"info","message":"Executing query","paramsCount":0,"query":"SELECT * FROM restaurants WHERE is_active = TRUE ORDER BY rating DESC LIMIT 12 OFFSET 0","timestamp":"2025-06-10T16:07:55.001Z"}
{"level":"info","message":"Executing query","paramsCount":0,"query":"SELECT COUNT(*) as total FROM restaurants WHERE is_active = TRUE","timestamp":"2025-06-10T16:07:55.002Z"}
{"affectedRows":0,"executionTime":4,"level":"info","message":"Query executed successfully","resultCount":4,"timestamp":"2025-06-10T16:07:55.005Z"}
{"affectedRows":0,"executionTime":4,"level":"info","message":"Query executed successfully","resultCount":1,"timestamp":"2025-06-10T16:07:55.006Z"}
{"level":"info","message":"Executing query","paramsCount":0,"query":"\n      SELECT d.*, r.name as restaurant_name, r.city as restaurant_city, r.cuisine_type\n      FROM dishes d\n      JOIN restaurants r ON d.restaurant_id = r.id\n      WHERE d.is_active = TRUE AND r.is_a...","timestamp":"2025-06-10T16:08:02.326Z"}
{"affectedRows":0,"executionTime":6,"level":"info","message":"Query executed successfully","resultCount":8,"timestamp":"2025-06-10T16:08:02.332Z"}
{"level":"info","message":"Executing query","paramsCount":0,"query":"\n      SELECT d.*, r.name as restaurant_name, r.city as restaurant_city, r.cuisine_type\n      FROM dishes d\n      JOIN restaurants r ON d.restaurant_id = r.id\n      WHERE d.is_active = TRUE AND r.is_a...","timestamp":"2025-06-10T16:08:02.353Z"}
{"affectedRows":0,"executionTime":3,"level":"info","message":"Query executed successfully","resultCount":8,"timestamp":"2025-06-10T16:08:02.356Z"}
{"level":"info","message":"Executing query","paramsCount":0,"query":"\n      SELECT \n        r.*,\n        u.username,\n        u.full_name,\n        u.is_verified,\n        d.name as dish_name,\n        rest.name as restaurant_name\n      FROM reviews r\n      JOIN users u ON...","timestamp":"2025-06-10T16:08:06.011Z"}
{"affectedRows":0,"executionTime":5,"level":"info","message":"Query executed successfully","resultCount":4,"timestamp":"2025-06-10T16:08:06.016Z"}
{"level":"info","message":"Executing query","paramsCount":0,"query":"\n      SELECT \n        r.*,\n        u.username,\n        u.full_name,\n        u.is_verified,\n        d.name as dish_name,\n        rest.name as restaurant_name\n      FROM reviews r\n      JOIN users u ON...","timestamp":"2025-06-10T16:08:06.035Z"}
{"affectedRows":0,"executionTime":2,"level":"info","message":"Query executed successfully","resultCount":4,"timestamp":"2025-06-10T16:08:06.037Z"}
{"level":"info","message":"Executing query","paramsCount":2,"query":"\n      SELECT \n        p.*,\n        u.username,\n        u.full_name,\n        d.name as dish_name,\n        r.name as restaurant_name\n      FROM posts p\n      JOIN users u ON p.user_id = u.id\n      LEFT...","timestamp":"2025-06-10T16:08:09.891Z"}
{"code":"ER_WRONG_ARGUMENTS","errno":1210,"error":"Incorrect arguments to mysqld_stmt_execute","executionTime":2,"level":"error","message":"Database query error","query":"\n      SELECT \n        p.*,\n        u.username,\n        u.full_name,\n        d.name as dish_name,\n        r.name as restaurant_name\n      FROM posts p\n      JOIN users u ON p.user_id = u.id\n      LEFT JOIN dishes d ON p.dish_id = d.id\n      LEFT JOIN restaurants r ON p.restaurant_id = r.id\n      WHERE 1=1\n     ORDER BY p.created_at DESC LIMIT ? OFFSET ?","timestamp":"2025-06-10T16:08:09.894Z"}
{"level":"info","message":"Executing query","paramsCount":2,"query":"\n      SELECT \n        p.*,\n        u.username,\n        u.full_name,\n        d.name as dish_name,\n        r.name as restaurant_name\n      FROM posts p\n      JOIN users u ON p.user_id = u.id\n      LEFT...","timestamp":"2025-06-10T16:08:09.916Z"}
{"code":"ER_WRONG_ARGUMENTS","errno":1210,"error":"Incorrect arguments to mysqld_stmt_execute","executionTime":1,"level":"error","message":"Database query error","query":"\n      SELECT \n        p.*,\n        u.username,\n        u.full_name,\n        d.name as dish_name,\n        r.name as restaurant_name\n      FROM posts p\n      JOIN users u ON p.user_id = u.id\n      LEFT JOIN dishes d ON p.dish_id = d.id\n      LEFT JOIN restaurants r ON p.restaurant_id = r.id\n      WHERE 1=1\n     ORDER BY p.created_at DESC LIMIT ? OFFSET ?","timestamp":"2025-06-10T16:08:09.917Z"}
{"level":"info","message":"Executing query","paramsCount":0,"query":"\n      SELECT \n        r.*,\n        u.username,\n        u.full_name,\n        u.is_verified,\n        d.name as dish_name,\n        rest.name as restaurant_name\n      FROM reviews r\n      JOIN users u ON...","timestamp":"2025-06-10T16:08:11.485Z"}
{"affectedRows":0,"executionTime":4,"level":"info","message":"Query executed successfully","resultCount":4,"timestamp":"2025-06-10T16:08:11.489Z"}
{"level":"info","message":"Executing query","paramsCount":0,"query":"\n      SELECT \n        r.*,\n        u.username,\n        u.full_name,\n        u.is_verified,\n        d.name as dish_name,\n        rest.name as restaurant_name\n      FROM reviews r\n      JOIN users u ON...","timestamp":"2025-06-10T16:08:11.513Z"}
{"affectedRows":0,"executionTime":3,"level":"info","message":"Query executed successfully","resultCount":4,"timestamp":"2025-06-10T16:08:11.516Z"}
{"level":"info","message":"Executing query","paramsCount":2,"query":"SELECT id FROM users WHERE email = ? OR username = ?","timestamp":"2025-06-10T16:08:49.293Z"}
{"affectedRows":0,"executionTime":90,"level":"info","message":"Query executed successfully","resultCount":0,"timestamp":"2025-06-10T16:08:49.382Z"}
{"level":"info","message":"Executing query","paramsCount":7,"query":"INSERT INTO users (username, email, password_hash, full_name, bio, location, phone) \n       VALUES (?, ?, ?, ?, ?, ?, ?)","timestamp":"2025-06-10T16:08:49.677Z"}
{"affectedRows":1,"executionTime":18,"level":"info","message":"Query executed successfully","resultCount":0,"timestamp":"2025-06-10T16:08:49.695Z"}
{"level":"info","message":"Executing query","paramsCount":1,"query":"SELECT id, username, email, password_hash, full_name, is_verified, is_premium FROM users WHERE email = ? AND is_active = TRUE","timestamp":"2025-06-10T16:10:37.083Z"}
{"affectedRows":0,"executionTime":20,"level":"info","message":"Query executed successfully","resultCount":1,"timestamp":"2025-06-10T16:10:37.103Z"}
{"level":"info","message":"Executing query","paramsCount":2,"query":"SELECT id FROM users WHERE email = ? OR username = ?","timestamp":"2025-06-10T16:11:30.015Z"}
{"affectedRows":0,"executionTime":8,"level":"info","message":"Query executed successfully","resultCount":0,"timestamp":"2025-06-10T16:11:30.023Z"}
{"level":"info","message":"Executing query","paramsCount":7,"query":"INSERT INTO users (username, email, password_hash, full_name, bio, location, phone) \n       VALUES (?, ?, ?, ?, ?, ?, ?)","timestamp":"2025-06-10T16:11:30.311Z"}
{"affectedRows":1,"executionTime":13,"level":"info","message":"Query executed successfully","resultCount":0,"timestamp":"2025-06-10T16:11:30.324Z"}
{"level":"info","message":"Executing query","paramsCount":1,"query":"SELECT id, username, email, password_hash, full_name, is_verified, is_premium FROM users WHERE email = ? AND is_active = TRUE","timestamp":"2025-06-10T16:11:42.705Z"}
{"affectedRows":0,"executionTime":3,"level":"info","message":"Query executed successfully","resultCount":1,"timestamp":"2025-06-10T16:11:42.708Z"}
{"level":"info","message":"Executing query","paramsCount":1,"query":"UPDATE users SET last_login = CURRENT_TIMESTAMP WHERE id = ?","timestamp":"2025-06-10T16:11:42.988Z"}
{"affectedRows":1,"executionTime":11,"level":"info","message":"Query executed successfully","resultCount":0,"timestamp":"2025-06-10T16:11:42.999Z"}
